{"C:/Users/LOQ/projects/TheStoryNexusDesktopApp/dist-electron/main.js": {"path":"C:/Users/LOQ/projects/TheStoryNexusDesktopApp/dist-electron/main.js","statementMap":{"0":{"start":{"line":5,"column":0},"end":{"line":5,"column":31}},"1":{"start":{"line":6,"column":18},"end":{"line":6,"column":62}},"2":{"start":{"line":7,"column":0},"end":{"line":7,"column":50}},"3":{"start":{"line":8,"column":28},"end":{"line":8,"column":62}},"4":{"start":{"line":9,"column":18},"end":{"line":9,"column":66}},"5":{"start":{"line":10,"column":22},"end":{"line":10,"column":61}},"6":{"start":{"line":11,"column":0},"end":{"line":11,"column":106}},"7":{"start":{"line":14,"column":2},"end":{"line":21,"column":5}},"8":{"start":{"line":22,"column":2},"end":{"line":24,"column":5}},"9":{"start":{"line":23,"column":4},"end":{"line":23,"column":119}},"10":{"start":{"line":25,"column":2},"end":{"line":29,"column":3}},"11":{"start":{"line":26,"column":4},"end":{"line":26,"column":37}},"12":{"start":{"line":28,"column":4},"end":{"line":28,"column":57}},"13":{"start":{"line":31,"column":0},"end":{"line":36,"column":3}},"14":{"start":{"line":32,"column":2},"end":{"line":35,"column":3}},"15":{"start":{"line":33,"column":4},"end":{"line":33,"column":15}},"16":{"start":{"line":34,"column":4},"end":{"line":34,"column":15}},"17":{"start":{"line":37,"column":0},"end":{"line":41,"column":3}},"18":{"start":{"line":38,"column":2},"end":{"line":40,"column":3}},"19":{"start":{"line":39,"column":4},"end":{"line":39,"column":19}},"20":{"start":{"line":42,"column":0},"end":{"line":42,"column":35}}},"fnMap":{"0":{"name":"createWindow","decl":{"start":{"line":13,"column":9},"end":{"line":13,"column":21}},"loc":{"start":{"line":13,"column":24},"end":{"line":30,"column":1}}},"1":{"name":"(anonymous_1)","decl":{"start":{"line":22,"column":40},"end":{"line":22,"column":41}},"loc":{"start":{"line":22,"column":46},"end":{"line":24,"column":3}}},"2":{"name":"(anonymous_2)","decl":{"start":{"line":31,"column":28},"end":{"line":31,"column":29}},"loc":{"start":{"line":31,"column":34},"end":{"line":36,"column":1}}},"3":{"name":"(anonymous_3)","decl":{"start":{"line":37,"column":19},"end":{"line":37,"column":20}},"loc":{"start":{"line":37,"column":25},"end":{"line":41,"column":1}}}},"branchMap":{"0":{"loc":{"start":{"line":11,"column":26},"end":{"line":11,"column":105}},"type":"cond-expr","locations":[{"start":{"line":11,"column":48},"end":{"line":11,"column":89}},{"start":{"line":11,"column":92},"end":{"line":11,"column":105}}]},"1":{"loc":{"start":{"line":23,"column":4},"end":{"line":23,"column":118}},"type":"cond-expr","locations":[{"start":{"line":23,"column":18},"end":{"line":23,"column":24}},{"start":{"line":23,"column":27},"end":{"line":23,"column":118}}]},"2":{"loc":{"start":{"line":25,"column":2},"end":{"line":29,"column":3}},"type":"if","locations":[{"start":{"line":25,"column":2},"end":{"line":29,"column":3}},{"start":{"line":27,"column":9},"end":{"line":29,"column":3}}]},"3":{"loc":{"start":{"line":32,"column":2},"end":{"line":35,"column":3}},"type":"if","locations":[{"start":{"line":32,"column":2},"end":{"line":35,"column":3}},{"start":{},"end":{}}]},"4":{"loc":{"start":{"line":38,"column":2},"end":{"line":40,"column":3}},"type":"if","locations":[{"start":{"line":38,"column":2},"end":{"line":40,"column":3}},{"start":{},"end":{}}]}},"s":{"0":0,"1":0,"2":0,"3":0,"4":0,"5":0,"6":0,"7":0,"8":0,"9":0,"10":0,"11":0,"12":0,"13":0,"14":0,"15":0,"16":0,"17":0,"18":0,"19":0,"20":0},"f":{"0":0,"1":0,"2":0,"3":0},"b":{"0":[0,0],"1":[0,0],"2":[0,0],"3":[0,0],"4":[0,0]}}
,"C:/Users/LOQ/projects/TheStoryNexusDesktopApp/dist-electron/preload.mjs": {"path":"C:/Users/LOQ/projects/TheStoryNexusDesktopApp/dist-electron/preload.mjs","statementMap":{"0":{"start":{"line":2,"column":17},"end":{"line":2,"column":36}},"1":{"start":{"line":3,"column":0},"end":{"line":22,"column":3}},"2":{"start":{"line":5,"column":32},"end":{"line":5,"column":36}},"3":{"start":{"line":6,"column":4},"end":{"line":6,"column":92}},"4":{"start":{"line":6,"column":65},"end":{"line":6,"column":90}},"5":{"start":{"line":9,"column":31},"end":{"line":9,"column":35}},"6":{"start":{"line":10,"column":4},"end":{"line":10,"column":54}},"7":{"start":{"line":13,"column":31},"end":{"line":13,"column":35}},"8":{"start":{"line":14,"column":4},"end":{"line":14,"column":55}},"9":{"start":{"line":17,"column":31},"end":{"line":17,"column":35}},"10":{"start":{"line":18,"column":4},"end":{"line":18,"column":57}}},"fnMap":{"0":{"name":"(anonymous_0)","decl":{"start":{"line":4,"column":2},"end":{"line":4,"column":4}},"loc":{"start":{"line":4,"column":14},"end":{"line":7,"column":3}}},"1":{"name":"(anonymous_1)","decl":{"start":{"line":6,"column":44},"end":{"line":6,"column":45}},"loc":{"start":{"line":6,"column":65},"end":{"line":6,"column":90}}},"2":{"name":"(anonymous_2)","decl":{"start":{"line":8,"column":2},"end":{"line":8,"column":5}},"loc":{"start":{"line":8,"column":15},"end":{"line":11,"column":3}}},"3":{"name":"(anonymous_3)","decl":{"start":{"line":12,"column":2},"end":{"line":12,"column":6}},"loc":{"start":{"line":12,"column":16},"end":{"line":15,"column":3}}},"4":{"name":"(anonymous_4)","decl":{"start":{"line":16,"column":2},"end":{"line":16,"column":8}},"loc":{"start":{"line":16,"column":18},"end":{"line":19,"column":3}}}},"branchMap":{},"s":{"0":0,"1":0,"2":0,"3":0,"4":0,"5":0,"6":0,"7":0,"8":0,"9":0,"10":0},"f":{"0":0,"1":0,"2":0,"3":0,"4":0},"b":{}}
,"C:/Users/LOQ/projects/TheStoryNexusDesktopApp/electron/main.ts": {"path":"C:/Users/LOQ/projects/TheStoryNexusDesktopApp/electron/main.ts","statementMap":{"0":{"start":{"line":6,"column":0},"end":{"line":6,"column":null}},"1":{"start":{"line":7,"column":18},"end":{"line":7,"column":null}},"2":{"start":{"line":18,"column":0},"end":{"line":18,"column":null}},"3":{"start":{"line":21,"column":35},"end":{"line":21,"column":null}},"4":{"start":{"line":22,"column":25},"end":{"line":22,"column":null}},"5":{"start":{"line":23,"column":29},"end":{"line":23,"column":null}},"6":{"start":{"line":25,"column":0},"end":{"line":27,"column":null}},"7":{"start":{"line":32,"column":1},"end":{"line":39,"column":null}},"8":{"start":{"line":42,"column":1},"end":{"line":44,"column":null}},"9":{"start":{"line":43,"column":2},"end":{"line":43,"column":null}},"10":{"start":{"line":46,"column":1},"end":{"line":51,"column":null}},"11":{"start":{"line":47,"column":2},"end":{"line":47,"column":null}},"12":{"start":{"line":50,"column":2},"end":{"line":50,"column":null}},"13":{"start":{"line":57,"column":0},"end":{"line":62,"column":null}},"14":{"start":{"line":58,"column":1},"end":{"line":61,"column":null}},"15":{"start":{"line":59,"column":2},"end":{"line":59,"column":null}},"16":{"start":{"line":60,"column":2},"end":{"line":60,"column":null}},"17":{"start":{"line":64,"column":0},"end":{"line":70,"column":null}},"18":{"start":{"line":67,"column":1},"end":{"line":69,"column":null}},"19":{"start":{"line":68,"column":2},"end":{"line":68,"column":null}},"20":{"start":{"line":72,"column":0},"end":{"line":72,"column":null}}},"fnMap":{"0":{"name":"createWindow","decl":{"start":{"line":31,"column":9},"end":{"line":31,"column":24}},"loc":{"start":{"line":31,"column":24},"end":{"line":52,"column":null}}},"1":{"name":"(anonymous_1)","decl":{"start":{"line":42,"column":39},"end":{"line":42,"column":45}},"loc":{"start":{"line":42,"column":45},"end":{"line":44,"column":2}}},"2":{"name":"(anonymous_2)","decl":{"start":{"line":57,"column":28},"end":{"line":57,"column":34}},"loc":{"start":{"line":57,"column":34},"end":{"line":62,"column":1}}},"3":{"name":"(anonymous_3)","decl":{"start":{"line":64,"column":19},"end":{"line":64,"column":25}},"loc":{"start":{"line":64,"column":25},"end":{"line":70,"column":1}}}},"branchMap":{"0":{"loc":{"start":{"line":25,"column":26},"end":{"line":27,"column":null}},"type":"cond-expr","locations":[{"start":{"line":26,"column":3},"end":{"line":26,"column":null}},{"start":{"line":27,"column":3},"end":{"line":27,"column":null}}]},"1":{"loc":{"start":{"line":46,"column":1},"end":{"line":51,"column":null}},"type":"if","locations":[{"start":{"line":46,"column":1},"end":{"line":51,"column":null}},{"start":{"line":48,"column":8},"end":{"line":51,"column":null}}]},"2":{"loc":{"start":{"line":58,"column":1},"end":{"line":61,"column":null}},"type":"if","locations":[{"start":{"line":58,"column":1},"end":{"line":61,"column":null}},{"start":{},"end":{}}]},"3":{"loc":{"start":{"line":67,"column":1},"end":{"line":69,"column":null}},"type":"if","locations":[{"start":{"line":67,"column":1},"end":{"line":69,"column":null}},{"start":{},"end":{}}]}},"s":{"0":0,"1":0,"2":0,"3":0,"4":0,"5":0,"6":0,"7":0,"8":0,"9":0,"10":0,"11":0,"12":0,"13":0,"14":0,"15":0,"16":0,"17":0,"18":0,"19":0,"20":0},"f":{"0":0,"1":0,"2":0,"3":0},"b":{"0":[0,0],"1":[0,0],"2":[0,0],"3":[0,0]}}
,"C:/Users/LOQ/projects/TheStoryNexusDesktopApp/electron/preload.ts": {"path":"C:/Users/LOQ/projects/TheStoryNexusDesktopApp/electron/preload.ts","statementMap":{"0":{"start":{"line":4,"column":0},"end":{"line":24,"column":null}},"1":{"start":{"line":6,"column":32},"end":{"line":6,"column":null}},"2":{"start":{"line":7,"column":4},"end":{"line":7,"column":null}},"3":{"start":{"line":7,"column":55},"end":{"line":7,"column":79}},"4":{"start":{"line":10,"column":31},"end":{"line":10,"column":null}},"5":{"start":{"line":11,"column":4},"end":{"line":11,"column":null}},"6":{"start":{"line":14,"column":31},"end":{"line":14,"column":null}},"7":{"start":{"line":15,"column":4},"end":{"line":15,"column":null}},"8":{"start":{"line":18,"column":31},"end":{"line":18,"column":null}},"9":{"start":{"line":19,"column":4},"end":{"line":19,"column":null}}},"fnMap":{"0":{"name":"(anonymous_0)","decl":{"start":{"line":5,"column":2},"end":{"line":5,"column":8}},"loc":{"start":{"line":5,"column":49},"end":{"line":8,"column":null}}},"1":{"name":"(anonymous_1)","decl":{"start":{"line":7,"column":35},"end":{"line":7,"column":36}},"loc":{"start":{"line":7,"column":55},"end":{"line":7,"column":79}}},"2":{"name":"(anonymous_2)","decl":{"start":{"line":9,"column":2},"end":{"line":9,"column":9}},"loc":{"start":{"line":9,"column":51},"end":{"line":12,"column":null}}},"3":{"name":"(anonymous_3)","decl":{"start":{"line":13,"column":2},"end":{"line":13,"column":10}},"loc":{"start":{"line":13,"column":53},"end":{"line":16,"column":null}}},"4":{"name":"(anonymous_4)","decl":{"start":{"line":17,"column":2},"end":{"line":17,"column":12}},"loc":{"start":{"line":17,"column":57},"end":{"line":20,"column":null}}}},"branchMap":{},"s":{"0":0,"1":0,"2":0,"3":0,"4":0,"5":0,"6":0,"7":0,"8":0,"9":0},"f":{"0":0,"1":0,"2":0,"3":0,"4":0},"b":{}}
,"C:/Users/LOQ/projects/TheStoryNexusDesktopApp/src/app.tsx": {"path":"C:/Users/LOQ/projects/TheStoryNexusDesktopApp/src/app.tsx","statementMap":{"0":{"start":{"line":4,"column":1},"end":{"line":10,"column":null}}},"fnMap":{"0":{"name":"App","decl":{"start":{"line":3,"column":24},"end":{"line":3,"column":30}},"loc":{"start":{"line":3,"column":30},"end":{"line":12,"column":null}}}},"branchMap":{},"s":{"0":0},"f":{"0":0},"b":{}}
,"C:/Users/LOQ/projects/TheStoryNexusDesktopApp/src/main.tsx": {"path":"C:/Users/LOQ/projects/TheStoryNexusDesktopApp/src/main.tsx","statementMap":{"0":{"start":{"line":20,"column":0},"end":{"line":57,"column":null}},"1":{"start":{"line":60,"column":0},"end":{"line":62,"column":null}},"2":{"start":{"line":61,"column":1},"end":{"line":61,"column":null}}},"fnMap":{"0":{"name":"(anonymous_0)","decl":{"start":{"line":60,"column":46},"end":{"line":60,"column":47}},"loc":{"start":{"line":60,"column":67},"end":{"line":62,"column":1}}}},"branchMap":{},"s":{"0":0,"1":0,"2":0},"f":{"0":0},"b":{}}
,"C:/Users/LOQ/projects/TheStoryNexusDesktopApp/src/components/MainLayout.tsx": {"path":"C:/Users/LOQ/projects/TheStoryNexusDesktopApp/src/components/MainLayout.tsx","statementMap":{"0":{"start":{"line":7,"column":4},"end":{"line":35,"column":null}}},"fnMap":{"0":{"name":"MainLayout","decl":{"start":{"line":6,"column":16},"end":{"line":6,"column":29}},"loc":{"start":{"line":6,"column":29},"end":{"line":37,"column":null}}}},"branchMap":{},"s":{"0":0},"f":{"0":0},"b":{}}
,"C:/Users/LOQ/projects/TheStoryNexusDesktopApp/src/components/ThemeToggle.tsx": {"path":"C:/Users/LOQ/projects/TheStoryNexusDesktopApp/src/components/ThemeToggle.tsx","statementMap":{"0":{"start":{"line":6,"column":32},"end":{"line":6,"column":null}},"1":{"start":{"line":8,"column":4},"end":{"line":18,"column":null}},"2":{"start":{"line":13,"column":27},"end":{"line":13,"column":null}}},"fnMap":{"0":{"name":"ThemeToggle","decl":{"start":{"line":5,"column":16},"end":{"line":5,"column":30}},"loc":{"start":{"line":5,"column":30},"end":{"line":20,"column":null}}},"1":{"name":"(anonymous_1)","decl":{"start":{"line":13,"column":21},"end":{"line":13,"column":27}},"loc":{"start":{"line":13,"column":27},"end":{"line":13,"column":null}}}},"branchMap":{"0":{"loc":{"start":{"line":13,"column":36},"end":{"line":13,"column":72}},"type":"cond-expr","locations":[{"start":{"line":13,"column":56},"end":{"line":13,"column":65}},{"start":{"line":13,"column":65},"end":{"line":13,"column":72}}]}},"s":{"0":6,"1":6,"2":0},"f":{"0":6,"1":0},"b":{"0":[0,0]}}
,"C:/Users/LOQ/projects/TheStoryNexusDesktopApp/src/components/lexical-editor/Editor.tsx": {"path":"C:/Users/LOQ/projects/TheStoryNexusDesktopApp/src/components/lexical-editor/Editor.tsx","statementMap":{"0":{"start":{"line":16,"column":22},"end":{"line":25,"column":null}},"1":{"start":{"line":32,"column":20},"end":{"line":32,"column":null}},"2":{"start":{"line":33,"column":4},"end":{"line":37,"column":null}},"3":{"start":{"line":34,"column":8},"end":{"line":36,"column":null}},"4":{"start":{"line":38,"column":4},"end":{"line":38,"column":null}},"5":{"start":{"line":42,"column":4},"end":{"line":45,"column":null}},"6":{"start":{"line":55,"column":21},"end":{"line":55,"column":null}},"7":{"start":{"line":56,"column":33},"end":{"line":56,"column":null}},"8":{"start":{"line":57,"column":26},"end":{"line":57,"column":null}},"9":{"start":{"line":57,"column":53},"end":{"line":57,"column":73}},"10":{"start":{"line":58,"column":38},"end":{"line":58,"column":null}},"11":{"start":{"line":60,"column":4},"end":{"line":77,"column":null}},"12":{"start":{"line":61,"column":8},"end":{"line":76,"column":null}},"13":{"start":{"line":68,"column":12},"end":{"line":74,"column":null}},"14":{"start":{"line":69,"column":36},"end":{"line":69,"column":null}},"15":{"start":{"line":70,"column":16},"end":{"line":70,"column":null}},"16":{"start":{"line":71,"column":16},"end":{"line":71,"column":null}},"17":{"start":{"line":73,"column":16},"end":{"line":73,"column":null}},"18":{"start":{"line":75,"column":12},"end":{"line":75,"column":null}},"19":{"start":{"line":79,"column":4},"end":{"line":97,"column":null}}},"fnMap":{"0":{"name":"useLexicalComposerContextCustom","decl":{"start":{"line":31,"column":9},"end":{"line":31,"column":43}},"loc":{"start":{"line":31,"column":43},"end":{"line":39,"column":null}}},"1":{"name":"Editor","decl":{"start":{"line":41,"column":24},"end":{"line":41,"column":33}},"loc":{"start":{"line":41,"column":33},"end":{"line":47,"column":null}}},"2":{"name":"EditorInternal","decl":{"start":{"line":54,"column":9},"end":{"line":54,"column":26}},"loc":{"start":{"line":54,"column":26},"end":{"line":99,"column":null}}},"3":{"name":"(anonymous_3)","decl":{"start":{"line":57,"column":42},"end":{"line":57,"column":43}},"loc":{"start":{"line":57,"column":53},"end":{"line":57,"column":73}}},"4":{"name":"(anonymous_4)","decl":{"start":{"line":60,"column":14},"end":{"line":60,"column":20}},"loc":{"start":{"line":60,"column":20},"end":{"line":77,"column":7}}}},"branchMap":{"0":{"loc":{"start":{"line":33,"column":4},"end":{"line":37,"column":null}},"type":"if","locations":[{"start":{"line":33,"column":4},"end":{"line":37,"column":null}},{"start":{},"end":{}}]},"1":{"loc":{"start":{"line":61,"column":8},"end":{"line":76,"column":null}},"type":"if","locations":[{"start":{"line":61,"column":8},"end":{"line":76,"column":null}},{"start":{},"end":{}}]},"2":{"loc":{"start":{"line":62,"column":12},"end":{"line":66,"column":null}},"type":"binary-expr","locations":[{"start":{"line":62,"column":12},"end":{"line":62,"column":null}},{"start":{"line":63,"column":12},"end":{"line":63,"column":null}},{"start":{"line":64,"column":12},"end":{"line":64,"column":null}},{"start":{"line":65,"column":12},"end":{"line":65,"column":null}},{"start":{"line":66,"column":12},"end":{"line":66,"column":null}}]}},"s":{"0":0,"1":0,"2":0,"3":0,"4":0,"5":0,"6":0,"7":0,"8":0,"9":0,"10":0,"11":0,"12":0,"13":0,"14":0,"15":0,"16":0,"17":0,"18":0,"19":0},"f":{"0":0,"1":0,"2":0,"3":0,"4":0},"b":{"0":[0,0],"1":[0,0],"2":[0,0,0,0,0]}}
,"C:/Users/LOQ/projects/TheStoryNexusDesktopApp/src/components/lexical-editor/HelloWorldNode.tsx": {"path":"C:/Users/LOQ/projects/TheStoryNexusDesktopApp/src/components/lexical-editor/HelloWorldNode.tsx","statementMap":{"0":{"start":{"line":22,"column":8},"end":{"line":22,"column":null}},"1":{"start":{"line":26,"column":8},"end":{"line":26,"column":null}},"2":{"start":{"line":31,"column":8},"end":{"line":31,"column":null}},"3":{"start":{"line":36,"column":8},"end":{"line":40,"column":null}},"4":{"start":{"line":44,"column":8},"end":{"line":44,"column":null}},"5":{"start":{"line":52,"column":20},"end":{"line":52,"column":null}},"6":{"start":{"line":53,"column":8},"end":{"line":53,"column":null}},"7":{"start":{"line":55,"column":8},"end":{"line":55,"column":null}},"8":{"start":{"line":56,"column":8},"end":{"line":56,"column":null}},"9":{"start":{"line":60,"column":8},"end":{"line":60,"column":null}},"10":{"start":{"line":65,"column":8},"end":{"line":65,"column":null}},"11":{"start":{"line":70,"column":8},"end":{"line":70,"column":null}},"12":{"start":{"line":79,"column":21},"end":{"line":79,"column":null}},"13":{"start":{"line":80,"column":38},"end":{"line":80,"column":null}},"14":{"start":{"line":81,"column":34},"end":{"line":81,"column":null}},"15":{"start":{"line":82,"column":44},"end":{"line":82,"column":null}},"16":{"start":{"line":83,"column":48},"end":{"line":83,"column":null}},"17":{"start":{"line":84,"column":38},"end":{"line":84,"column":null}},"18":{"start":{"line":86,"column":32},"end":{"line":123,"column":null}},"19":{"start":{"line":88,"column":8},"end":{"line":102,"column":null}},"20":{"start":{"line":89,"column":32},"end":{"line":89,"column":null}},"21":{"start":{"line":90,"column":12},"end":{"line":101,"column":null}},"22":{"start":{"line":91,"column":31},"end":{"line":91,"column":null}},"23":{"start":{"line":92,"column":16},"end":{"line":100,"column":null}},"24":{"start":{"line":93,"column":37},"end":{"line":93,"column":null}},"25":{"start":{"line":94,"column":36},"end":{"line":94,"column":null}},"26":{"start":{"line":95,"column":20},"end":{"line":98,"column":null}},"27":{"start":{"line":96,"column":24},"end":{"line":96,"column":null}},"28":{"start":{"line":96,"column":53},"end":{"line":96,"column":null}},"29":{"start":{"line":97,"column":24},"end":{"line":97,"column":null}},"30":{"start":{"line":99,"column":20},"end":{"line":99,"column":null}},"31":{"start":{"line":104,"column":8},"end":{"line":104,"column":null}},"32":{"start":{"line":105,"column":8},"end":{"line":105,"column":null}},"33":{"start":{"line":106,"column":8},"end":{"line":106,"column":null}},"34":{"start":{"line":110,"column":12},"end":{"line":110,"column":null}},"35":{"start":{"line":112,"column":20},"end":{"line":112,"column":null}},"36":{"start":{"line":114,"column":27},"end":{"line":122,"column":null}},"37":{"start":{"line":115,"column":12},"end":{"line":115,"column":null}},"38":{"start":{"line":116,"column":12},"end":{"line":116,"column":null}},"39":{"start":{"line":117,"column":12},"end":{"line":121,"column":null}},"40":{"start":{"line":118,"column":16},"end":{"line":118,"column":null}},"41":{"start":{"line":119,"column":16},"end":{"line":119,"column":null}},"42":{"start":{"line":120,"column":16},"end":{"line":120,"column":null}},"43":{"start":{"line":125,"column":25},"end":{"line":141,"column":null}},"44":{"start":{"line":126,"column":8},"end":{"line":137,"column":null}},"45":{"start":{"line":127,"column":34},"end":{"line":127,"column":null}},"46":{"start":{"line":128,"column":12},"end":{"line":128,"column":null}},"47":{"start":{"line":129,"column":32},"end":{"line":129,"column":null}},"48":{"start":{"line":131,"column":12},"end":{"line":136,"column":null}},"49":{"start":{"line":132,"column":16},"end":{"line":132,"column":null}},"50":{"start":{"line":135,"column":16},"end":{"line":135,"column":null}},"51":{"start":{"line":139,"column":8},"end":{"line":139,"column":null}},"52":{"start":{"line":140,"column":8},"end":{"line":140,"column":null}},"53":{"start":{"line":143,"column":25},"end":{"line":147,"column":null}},"54":{"start":{"line":145,"column":8},"end":{"line":145,"column":null}},"55":{"start":{"line":146,"column":8},"end":{"line":146,"column":null}},"56":{"start":{"line":149,"column":4},"end":{"line":200,"column":null}},"57":{"start":{"line":154,"column":35},"end":{"line":154,"column":null}},"58":{"start":{"line":166,"column":41},"end":{"line":166,"column":null}},"59":{"start":{"line":205,"column":4},"end":{"line":205,"column":null}},"60":{"start":{"line":209,"column":4},"end":{"line":209,"column":null}}},"fnMap":{"0":{"name":"(anonymous_0)","decl":{"start":{"line":21,"column":4},"end":{"line":21,"column":11}},"loc":{"start":{"line":21,"column":29},"end":{"line":23,"column":null}}},"1":{"name":"(anonymous_1)","decl":{"start":{"line":25,"column":4},"end":{"line":25,"column":11}},"loc":{"start":{"line":25,"column":55},"end":{"line":27,"column":null}}},"2":{"name":"(anonymous_2)","decl":{"start":{"line":30,"column":4},"end":{"line":30,"column":11}},"loc":{"start":{"line":30,"column":81},"end":{"line":32,"column":null}}},"3":{"name":"(anonymous_3)","decl":{"start":{"line":35,"column":4},"end":{"line":35,"column":43}},"loc":{"start":{"line":35,"column":43},"end":{"line":41,"column":null}}},"4":{"name":"(anonymous_4)","decl":{"start":{"line":43,"column":4},"end":{"line":43,"column":16}},"loc":{"start":{"line":43,"column":31},"end":{"line":45,"column":null}}},"5":{"name":"(anonymous_5)","decl":{"start":{"line":51,"column":4},"end":{"line":51,"column":14}},"loc":{"start":{"line":51,"column":49},"end":{"line":57,"column":null}}},"6":{"name":"(anonymous_6)","decl":{"start":{"line":59,"column":4},"end":{"line":59,"column":14}},"loc":{"start":{"line":59,"column":89},"end":{"line":61,"column":null}}},"7":{"name":"(anonymous_7)","decl":{"start":{"line":64,"column":4},"end":{"line":64,"column":24}},"loc":{"start":{"line":64,"column":24},"end":{"line":66,"column":null}}},"8":{"name":"(anonymous_8)","decl":{"start":{"line":69,"column":4},"end":{"line":69,"column":28}},"loc":{"start":{"line":69,"column":28},"end":{"line":71,"column":null}}},"9":{"name":"HelloWorldComponent","decl":{"start":{"line":78,"column":9},"end":{"line":78,"column":29}},"loc":{"start":{"line":78,"column":81},"end":{"line":202,"column":null}}},"10":{"name":"(anonymous_10)","decl":{"start":{"line":86,"column":32},"end":{"line":86,"column":38}},"loc":{"start":{"line":86,"column":38},"end":{"line":123,"column":null}}},"11":{"name":"(anonymous_11)","decl":{"start":{"line":88,"column":37},"end":{"line":88,"column":43}},"loc":{"start":{"line":88,"column":43},"end":{"line":102,"column":9}}},"12":{"name":"(anonymous_12)","decl":{"start":{"line":114,"column":39},"end":{"line":114,"column":45}},"loc":{"start":{"line":114,"column":45},"end":{"line":122,"column":11}}},"13":{"name":"(anonymous_13)","decl":{"start":{"line":125,"column":25},"end":{"line":125,"column":31}},"loc":{"start":{"line":125,"column":31},"end":{"line":141,"column":null}}},"14":{"name":"(anonymous_14)","decl":{"start":{"line":126,"column":22},"end":{"line":126,"column":28}},"loc":{"start":{"line":126,"column":28},"end":{"line":137,"column":9}}},"15":{"name":"(anonymous_15)","decl":{"start":{"line":143,"column":25},"end":{"line":143,"column":31}},"loc":{"start":{"line":143,"column":31},"end":{"line":147,"column":null}}},"16":{"name":"(anonymous_16)","decl":{"start":{"line":154,"column":29},"end":{"line":154,"column":35}},"loc":{"start":{"line":154,"column":35},"end":{"line":154,"column":null}}},"17":{"name":"(anonymous_17)","decl":{"start":{"line":166,"column":34},"end":{"line":166,"column":35}},"loc":{"start":{"line":166,"column":41},"end":{"line":166,"column":null}}},"18":{"name":"$createHelloWorldNode","decl":{"start":{"line":204,"column":16},"end":{"line":204,"column":56}},"loc":{"start":{"line":204,"column":56},"end":{"line":206,"column":null}}},"19":{"name":"$isHelloWorldNode","decl":{"start":{"line":208,"column":16},"end":{"line":208,"column":34}},"loc":{"start":{"line":208,"column":69},"end":{"line":210,"column":null}}}},"branchMap":{"0":{"loc":{"start":{"line":90,"column":12},"end":{"line":101,"column":null}},"type":"if","locations":[{"start":{"line":90,"column":12},"end":{"line":101,"column":null}},{"start":{},"end":{}}]},"1":{"loc":{"start":{"line":92,"column":16},"end":{"line":100,"column":null}},"type":"if","locations":[{"start":{"line":92,"column":16},"end":{"line":100,"column":null}},{"start":{},"end":{}}]},"2":{"loc":{"start":{"line":96,"column":24},"end":{"line":96,"column":null}},"type":"if","locations":[{"start":{"line":96,"column":24},"end":{"line":96,"column":null}},{"start":{},"end":{}}]},"3":{"loc":{"start":{"line":117,"column":12},"end":{"line":121,"column":null}},"type":"if","locations":[{"start":{"line":117,"column":12},"end":{"line":121,"column":null}},{"start":{},"end":{}}]},"4":{"loc":{"start":{"line":131,"column":12},"end":{"line":136,"column":null}},"type":"if","locations":[{"start":{"line":131,"column":12},"end":{"line":136,"column":null}},{"start":{"line":133,"column":19},"end":{"line":136,"column":null}}]},"5":{"loc":{"start":{"line":158,"column":21},"end":{"line":158,"column":null}},"type":"cond-expr","locations":[{"start":{"line":158,"column":33},"end":{"line":158,"column":61}},{"start":{"line":158,"column":61},"end":{"line":158,"column":null}}]},"6":{"loc":{"start":{"line":161,"column":13},"end":{"line":177,"column":null}},"type":"binary-expr","locations":[{"start":{"line":161,"column":13},"end":{"line":161,"column":null}},{"start":{"line":162,"column":16},"end":{"line":177,"column":null}}]},"7":{"loc":{"start":{"line":179,"column":13},"end":{"line":182,"column":null}},"type":"binary-expr","locations":[{"start":{"line":179,"column":13},"end":{"line":179,"column":null}},{"start":{"line":180,"column":16},"end":{"line":182,"column":null}}]},"8":{"loc":{"start":{"line":184,"column":13},"end":{"line":198,"column":null}},"type":"binary-expr","locations":[{"start":{"line":184,"column":13},"end":{"line":184,"column":null}},{"start":{"line":185,"column":16},"end":{"line":198,"column":null}}]}},"s":{"0":0,"1":0,"2":0,"3":0,"4":0,"5":0,"6":0,"7":0,"8":0,"9":0,"10":0,"11":0,"12":0,"13":0,"14":0,"15":0,"16":0,"17":0,"18":0,"19":0,"20":0,"21":0,"22":0,"23":0,"24":0,"25":0,"26":0,"27":0,"28":0,"29":0,"30":0,"31":0,"32":0,"33":0,"34":0,"35":0,"36":0,"37":0,"38":0,"39":0,"40":0,"41":0,"42":0,"43":0,"44":0,"45":0,"46":0,"47":0,"48":0,"49":0,"50":0,"51":0,"52":0,"53":0,"54":0,"55":0,"56":0,"57":0,"58":0,"59":0,"60":0},"f":{"0":0,"1":0,"2":0,"3":0,"4":0,"5":0,"6":0,"7":0,"8":0,"9":0,"10":0,"11":0,"12":0,"13":0,"14":0,"15":0,"16":0,"17":0,"18":0,"19":0},"b":{"0":[0,0],"1":[0,0],"2":[0,0],"3":[0,0],"4":[0,0],"5":[0,0],"6":[0,0],"7":[0,0],"8":[0,0]}}
,"C:/Users/LOQ/projects/TheStoryNexusDesktopApp/src/components/lexical-editor/LoadChapterContent.tsx": {"path":"C:/Users/LOQ/projects/TheStoryNexusDesktopApp/src/components/lexical-editor/LoadChapterContent.tsx","statementMap":{"0":{"start":{"line":7,"column":21},"end":{"line":7,"column":null}},"1":{"start":{"line":8,"column":27},"end":{"line":8,"column":null}},"2":{"start":{"line":8,"column":54},"end":{"line":8,"column":74}},"3":{"start":{"line":9,"column":38},"end":{"line":9,"column":null}},"4":{"start":{"line":11,"column":4},"end":{"line":34,"column":null}},"5":{"start":{"line":12,"column":8},"end":{"line":33,"column":null}},"6":{"start":{"line":13,"column":12},"end":{"line":13,"column":null}},"7":{"start":{"line":14,"column":12},"end":{"line":23,"column":null}},"8":{"start":{"line":16,"column":36},"end":{"line":16,"column":null}},"9":{"start":{"line":17,"column":16},"end":{"line":17,"column":null}},"10":{"start":{"line":19,"column":16},"end":{"line":19,"column":null}},"11":{"start":{"line":20,"column":16},"end":{"line":20,"column":null}},"12":{"start":{"line":22,"column":16},"end":{"line":22,"column":null}},"13":{"start":{"line":24,"column":12},"end":{"line":24,"column":null}},"14":{"start":{"line":26,"column":12},"end":{"line":32,"column":null}},"15":{"start":{"line":27,"column":16},"end":{"line":27,"column":null}},"16":{"start":{"line":28,"column":12},"end":{"line":32,"column":null}},"17":{"start":{"line":29,"column":16},"end":{"line":29,"column":null}},"18":{"start":{"line":30,"column":12},"end":{"line":32,"column":null}},"19":{"start":{"line":31,"column":16},"end":{"line":31,"column":null}},"20":{"start":{"line":36,"column":4},"end":{"line":36,"column":null}}},"fnMap":{"0":{"name":"LoadChapterContent","decl":{"start":{"line":6,"column":24},"end":{"line":6,"column":45}},"loc":{"start":{"line":6,"column":45},"end":{"line":37,"column":null}}},"1":{"name":"(anonymous_1)","decl":{"start":{"line":8,"column":43},"end":{"line":8,"column":44}},"loc":{"start":{"line":8,"column":54},"end":{"line":8,"column":74}}},"2":{"name":"(anonymous_2)","decl":{"start":{"line":11,"column":14},"end":{"line":11,"column":20}},"loc":{"start":{"line":11,"column":20},"end":{"line":34,"column":7}}}},"branchMap":{"0":{"loc":{"start":{"line":12,"column":8},"end":{"line":33,"column":null}},"type":"if","locations":[{"start":{"line":12,"column":8},"end":{"line":33,"column":null}},{"start":{"line":25,"column":15},"end":{"line":33,"column":null}}]},"1":{"loc":{"start":{"line":12,"column":12},"end":{"line":12,"column":68}},"type":"binary-expr","locations":[{"start":{"line":12,"column":12},"end":{"line":12,"column":26}},{"start":{"line":12,"column":26},"end":{"line":12,"column":44}},{"start":{"line":12,"column":44},"end":{"line":12,"column":68}}]},"2":{"loc":{"start":{"line":26,"column":12},"end":{"line":32,"column":null}},"type":"if","locations":[{"start":{"line":26,"column":12},"end":{"line":32,"column":null}},{"start":{"line":28,"column":12},"end":{"line":32,"column":null}}]},"3":{"loc":{"start":{"line":28,"column":12},"end":{"line":32,"column":null}},"type":"if","locations":[{"start":{"line":28,"column":12},"end":{"line":32,"column":null}},{"start":{"line":30,"column":12},"end":{"line":32,"column":null}}]},"4":{"loc":{"start":{"line":30,"column":12},"end":{"line":32,"column":null}},"type":"if","locations":[{"start":{"line":30,"column":12},"end":{"line":32,"column":null}},{"start":{},"end":{}}]}},"s":{"0":0,"1":0,"2":0,"3":0,"4":0,"5":0,"6":0,"7":0,"8":0,"9":0,"10":0,"11":0,"12":0,"13":0,"14":0,"15":0,"16":0,"17":0,"18":0,"19":0,"20":0},"f":{"0":0,"1":0,"2":0},"b":{"0":[0,0],"1":[0,0,0],"2":[0,0],"3":[0,0],"4":[0,0]}}
,"C:/Users/LOQ/projects/TheStoryNexusDesktopApp/src/components/lexical-editor/SaveChapterButton.tsx": {"path":"C:/Users/LOQ/projects/TheStoryNexusDesktopApp/src/components/lexical-editor/SaveChapterButton.tsx","statementMap":{"0":{"start":{"line":7,"column":21},"end":{"line":7,"column":null}},"1":{"start":{"line":8,"column":27},"end":{"line":8,"column":null}},"2":{"start":{"line":8,"column":54},"end":{"line":8,"column":74}},"3":{"start":{"line":9,"column":26},"end":{"line":9,"column":null}},"4":{"start":{"line":9,"column":53},"end":{"line":9,"column":72}},"5":{"start":{"line":11,"column":23},"end":{"line":35,"column":null}},"6":{"start":{"line":12,"column":8},"end":{"line":15,"column":null}},"7":{"start":{"line":13,"column":12},"end":{"line":13,"column":null}},"8":{"start":{"line":14,"column":12},"end":{"line":14,"column":null}},"9":{"start":{"line":17,"column":8},"end":{"line":17,"column":null}},"10":{"start":{"line":19,"column":8},"end":{"line":34,"column":null}},"11":{"start":{"line":20,"column":12},"end":{"line":31,"column":null}},"12":{"start":{"line":21,"column":16},"end":{"line":21,"column":null}},"13":{"start":{"line":23,"column":36},"end":{"line":23,"column":null}},"14":{"start":{"line":24,"column":40},"end":{"line":24,"column":null}},"15":{"start":{"line":25,"column":16},"end":{"line":25,"column":null}},"16":{"start":{"line":28,"column":16},"end":{"line":30,"column":null}},"17":{"start":{"line":29,"column":32},"end":{"line":29,"column":76}},"18":{"start":{"line":30,"column":38},"end":{"line":30,"column":86}},"19":{"start":{"line":33,"column":12},"end":{"line":33,"column":null}},"20":{"start":{"line":37,"column":4},"end":{"line":40,"column":null}}},"fnMap":{"0":{"name":"SaveChapterButton","decl":{"start":{"line":6,"column":24},"end":{"line":6,"column":44}},"loc":{"start":{"line":6,"column":44},"end":{"line":42,"column":null}}},"1":{"name":"(anonymous_1)","decl":{"start":{"line":8,"column":43},"end":{"line":8,"column":44}},"loc":{"start":{"line":8,"column":54},"end":{"line":8,"column":74}}},"2":{"name":"(anonymous_2)","decl":{"start":{"line":9,"column":42},"end":{"line":9,"column":43}},"loc":{"start":{"line":9,"column":53},"end":{"line":9,"column":72}}},"3":{"name":"(anonymous_3)","decl":{"start":{"line":11,"column":23},"end":{"line":11,"column":35}},"loc":{"start":{"line":11,"column":35},"end":{"line":35,"column":null}}},"4":{"name":"(anonymous_4)","decl":{"start":{"line":20,"column":26},"end":{"line":20,"column":32}},"loc":{"start":{"line":20,"column":32},"end":{"line":31,"column":13}}},"5":{"name":"(anonymous_5)","decl":{"start":{"line":29,"column":26},"end":{"line":29,"column":32}},"loc":{"start":{"line":29,"column":32},"end":{"line":29,"column":76}}},"6":{"name":"(anonymous_6)","decl":{"start":{"line":30,"column":27},"end":{"line":30,"column":28}},"loc":{"start":{"line":30,"column":38},"end":{"line":30,"column":86}}}},"branchMap":{"0":{"loc":{"start":{"line":12,"column":8},"end":{"line":15,"column":null}},"type":"if","locations":[{"start":{"line":12,"column":8},"end":{"line":15,"column":null}},{"start":{},"end":{}}]}},"s":{"0":0,"1":0,"2":0,"3":0,"4":0,"5":0,"6":0,"7":0,"8":0,"9":0,"10":0,"11":0,"12":0,"13":0,"14":0,"15":0,"16":0,"17":0,"18":0,"19":0,"20":0},"f":{"0":0,"1":0,"2":0,"3":0,"4":0,"5":0,"6":0},"b":{"0":[0,0]}}
,"C:/Users/LOQ/projects/TheStoryNexusDesktopApp/src/components/lexical-editor/Toolbar.tsx": {"path":"C:/Users/LOQ/projects/TheStoryNexusDesktopApp/src/components/lexical-editor/Toolbar.tsx","statementMap":{"0":{"start":{"line":9,"column":21},"end":{"line":9,"column":null}},"1":{"start":{"line":11,"column":24},"end":{"line":14,"column":null}},"2":{"start":{"line":13,"column":8},"end":{"line":13,"column":null}},"3":{"start":{"line":16,"column":29},"end":{"line":27,"column":null}},"4":{"start":{"line":17,"column":8},"end":{"line":26,"column":null}},"5":{"start":{"line":18,"column":30},"end":{"line":18,"column":null}},"6":{"start":{"line":20,"column":34},"end":{"line":20,"column":null}},"7":{"start":{"line":21,"column":30},"end":{"line":21,"column":null}},"8":{"start":{"line":22,"column":12},"end":{"line":25,"column":null}},"9":{"start":{"line":24,"column":16},"end":{"line":24,"column":null}},"10":{"start":{"line":29,"column":4},"end":{"line":66,"column":null}},"11":{"start":{"line":32,"column":31},"end":{"line":32,"column":null}},"12":{"start":{"line":39,"column":31},"end":{"line":39,"column":null}},"13":{"start":{"line":46,"column":31},"end":{"line":46,"column":null}},"14":{"start":{"line":53,"column":31},"end":{"line":53,"column":null}}},"fnMap":{"0":{"name":"Toolbar","decl":{"start":{"line":8,"column":24},"end":{"line":8,"column":34}},"loc":{"start":{"line":8,"column":34},"end":{"line":68,"column":null}}},"1":{"name":"(anonymous_1)","decl":{"start":{"line":11,"column":24},"end":{"line":11,"column":25}},"loc":{"start":{"line":11,"column":52},"end":{"line":14,"column":null}}},"2":{"name":"(anonymous_2)","decl":{"start":{"line":16,"column":29},"end":{"line":16,"column":35}},"loc":{"start":{"line":16,"column":35},"end":{"line":27,"column":null}}},"3":{"name":"(anonymous_3)","decl":{"start":{"line":17,"column":22},"end":{"line":17,"column":28}},"loc":{"start":{"line":17,"column":28},"end":{"line":26,"column":9}}},"4":{"name":"(anonymous_4)","decl":{"start":{"line":32,"column":25},"end":{"line":32,"column":31}},"loc":{"start":{"line":32,"column":31},"end":{"line":32,"column":null}}},"5":{"name":"(anonymous_5)","decl":{"start":{"line":39,"column":25},"end":{"line":39,"column":31}},"loc":{"start":{"line":39,"column":31},"end":{"line":39,"column":null}}},"6":{"name":"(anonymous_6)","decl":{"start":{"line":46,"column":25},"end":{"line":46,"column":31}},"loc":{"start":{"line":46,"column":31},"end":{"line":46,"column":null}}},"7":{"name":"(anonymous_7)","decl":{"start":{"line":53,"column":25},"end":{"line":53,"column":31}},"loc":{"start":{"line":53,"column":31},"end":{"line":53,"column":null}}}},"branchMap":{"0":{"loc":{"start":{"line":22,"column":12},"end":{"line":25,"column":null}},"type":"if","locations":[{"start":{"line":22,"column":12},"end":{"line":25,"column":null}},{"start":{},"end":{}}]}},"s":{"0":0,"1":0,"2":0,"3":0,"4":0,"5":0,"6":0,"7":0,"8":0,"9":0,"10":0,"11":0,"12":0,"13":0,"14":0},"f":{"0":0,"1":0,"2":0,"3":0,"4":0,"5":0,"6":0,"7":0},"b":{"0":[0,0]}}
,"C:/Users/LOQ/projects/TheStoryNexusDesktopApp/src/components/lexical-editor/UnderlinePlugin.tsx": {"path":"C:/Users/LOQ/projects/TheStoryNexusDesktopApp/src/components/lexical-editor/UnderlinePlugin.tsx","statementMap":{"0":{"start":{"line":7,"column":21},"end":{"line":10,"column":null}},"1":{"start":{"line":16,"column":4},"end":{"line":18,"column":null}},"2":{"start":{"line":17,"column":8},"end":{"line":17,"column":null}},"3":{"start":{"line":20,"column":4},"end":{"line":22,"column":null}},"4":{"start":{"line":21,"column":8},"end":{"line":21,"column":null}},"5":{"start":{"line":24,"column":28},"end":{"line":24,"column":null}},"6":{"start":{"line":25,"column":21},"end":{"line":25,"column":null}},"7":{"start":{"line":26,"column":4},"end":{"line":28,"column":null}},"8":{"start":{"line":27,"column":8},"end":{"line":27,"column":null}},"9":{"start":{"line":29,"column":4},"end":{"line":29,"column":null}},"10":{"start":{"line":33,"column":21},"end":{"line":33,"column":null}},"11":{"start":{"line":36,"column":17},"end":{"line":36,"column":null}},"12":{"start":{"line":37,"column":18},"end":{"line":37,"column":null}},"13":{"start":{"line":38,"column":4},"end":{"line":38,"column":null}},"14":{"start":{"line":39,"column":4},"end":{"line":39,"column":null}},"15":{"start":{"line":41,"column":4},"end":{"line":110,"column":null}},"16":{"start":{"line":43,"column":35},"end":{"line":97,"column":null}},"17":{"start":{"line":44,"column":12},"end":{"line":44,"column":null}},"18":{"start":{"line":46,"column":12},"end":{"line":96,"column":null}},"19":{"start":{"line":47,"column":29},"end":{"line":47,"column":null}},"20":{"start":{"line":48,"column":34},"end":{"line":48,"column":null}},"21":{"start":{"line":49,"column":16},"end":{"line":49,"column":null}},"22":{"start":{"line":50,"column":16},"end":{"line":95,"column":null}},"23":{"start":{"line":51,"column":33},"end":{"line":51,"column":null}},"24":{"start":{"line":52,"column":20},"end":{"line":52,"column":null}},"25":{"start":{"line":55,"column":20},"end":{"line":58,"column":null}},"26":{"start":{"line":56,"column":24},"end":{"line":56,"column":null}},"27":{"start":{"line":57,"column":24},"end":{"line":57,"column":null}},"28":{"start":{"line":59,"column":20},"end":{"line":59,"column":null}},"29":{"start":{"line":59,"column":31},"end":{"line":59,"column":null}},"30":{"start":{"line":60,"column":20},"end":{"line":94,"column":null}},"31":{"start":{"line":61,"column":24},"end":{"line":61,"column":null}},"32":{"start":{"line":63,"column":24},"end":{"line":63,"column":null}},"33":{"start":{"line":65,"column":38},"end":{"line":65,"column":null}},"34":{"start":{"line":66,"column":24},"end":{"line":66,"column":null}},"35":{"start":{"line":67,"column":24},"end":{"line":93,"column":null}},"36":{"start":{"line":68,"column":57},"end":{"line":68,"column":null}},"37":{"start":{"line":69,"column":28},"end":{"line":85,"column":null}},"38":{"start":{"line":70,"column":32},"end":{"line":84,"column":null}},"39":{"start":{"line":71,"column":36},"end":{"line":71,"column":null}},"40":{"start":{"line":73,"column":56},"end":{"line":73,"column":null}},"41":{"start":{"line":75,"column":36},"end":{"line":78,"column":null}},"42":{"start":{"line":76,"column":40},"end":{"line":76,"column":null}},"43":{"start":{"line":77,"column":40},"end":{"line":77,"column":null}},"44":{"start":{"line":79,"column":36},"end":{"line":79,"column":null}},"45":{"start":{"line":80,"column":32},"end":{"line":84,"column":null}},"46":{"start":{"line":81,"column":36},"end":{"line":81,"column":null}},"47":{"start":{"line":83,"column":36},"end":{"line":83,"column":null}},"48":{"start":{"line":87,"column":28},"end":{"line":89,"column":null}},"49":{"start":{"line":88,"column":32},"end":{"line":88,"column":null}},"50":{"start":{"line":91,"column":28},"end":{"line":91,"column":null}},"51":{"start":{"line":92,"column":28},"end":{"line":92,"column":null}},"52":{"start":{"line":100,"column":27},"end":{"line":103,"column":null}},"53":{"start":{"line":101,"column":12},"end":{"line":101,"column":null}},"54":{"start":{"line":102,"column":12},"end":{"line":102,"column":null}},"55":{"start":{"line":106,"column":8},"end":{"line":109,"column":null}},"56":{"start":{"line":107,"column":12},"end":{"line":107,"column":null}},"57":{"start":{"line":108,"column":12},"end":{"line":108,"column":null}},"58":{"start":{"line":112,"column":4},"end":{"line":112,"column":null}}},"fnMap":{"0":{"name":"getAllTextNodes","decl":{"start":{"line":14,"column":9},"end":{"line":14,"column":25}},"loc":{"start":{"line":14,"column":48},"end":{"line":30,"column":null}}},"1":{"name":"UnderlinePlugin","decl":{"start":{"line":32,"column":24},"end":{"line":32,"column":42}},"loc":{"start":{"line":32,"column":42},"end":{"line":113,"column":null}}},"2":{"name":"(anonymous_2)","decl":{"start":{"line":41,"column":14},"end":{"line":41,"column":20}},"loc":{"start":{"line":41,"column":20},"end":{"line":110,"column":7}}},"3":{"name":"(anonymous_3)","decl":{"start":{"line":43,"column":44},"end":{"line":43,"column":50}},"loc":{"start":{"line":43,"column":50},"end":{"line":97,"column":11}}},"4":{"name":"(anonymous_4)","decl":{"start":{"line":46,"column":26},"end":{"line":46,"column":32}},"loc":{"start":{"line":46,"column":32},"end":{"line":96,"column":13}}},"5":{"name":"(anonymous_5)","decl":{"start":{"line":50,"column":34},"end":{"line":50,"column":46}},"loc":{"start":{"line":50,"column":46},"end":{"line":95,"column":17}}},"6":{"name":"(anonymous_6)","decl":{"start":{"line":69,"column":42},"end":{"line":69,"column":50}},"loc":{"start":{"line":69,"column":50},"end":{"line":85,"column":29}}},"7":{"name":"(anonymous_7)","decl":{"start":{"line":87,"column":45},"end":{"line":87,"column":56}},"loc":{"start":{"line":87,"column":56},"end":{"line":89,"column":29}}},"8":{"name":"(anonymous_8)","decl":{"start":{"line":100,"column":57},"end":{"line":100,"column":63}},"loc":{"start":{"line":100,"column":63},"end":{"line":103,"column":9}}},"9":{"name":"(anonymous_9)","decl":{"start":{"line":106,"column":15},"end":{"line":106,"column":21}},"loc":{"start":{"line":106,"column":21},"end":{"line":109,"column":null}}}},"branchMap":{"0":{"loc":{"start":{"line":16,"column":4},"end":{"line":18,"column":null}},"type":"if","locations":[{"start":{"line":16,"column":4},"end":{"line":18,"column":null}},{"start":{},"end":{}}]},"1":{"loc":{"start":{"line":20,"column":4},"end":{"line":22,"column":null}},"type":"if","locations":[{"start":{"line":20,"column":4},"end":{"line":22,"column":null}},{"start":{},"end":{}}]},"2":{"loc":{"start":{"line":55,"column":20},"end":{"line":58,"column":null}},"type":"if","locations":[{"start":{"line":55,"column":20},"end":{"line":58,"column":null}},{"start":{},"end":{}}]},"3":{"loc":{"start":{"line":59,"column":20},"end":{"line":59,"column":null}},"type":"if","locations":[{"start":{"line":59,"column":20},"end":{"line":59,"column":null}},{"start":{},"end":{}}]},"4":{"loc":{"start":{"line":60,"column":20},"end":{"line":94,"column":null}},"type":"if","locations":[{"start":{"line":60,"column":20},"end":{"line":94,"column":null}},{"start":{},"end":{}}]},"5":{"loc":{"start":{"line":67,"column":24},"end":{"line":93,"column":null}},"type":"if","locations":[{"start":{"line":67,"column":24},"end":{"line":93,"column":null}},{"start":{},"end":{}}]},"6":{"loc":{"start":{"line":70,"column":32},"end":{"line":84,"column":null}},"type":"if","locations":[{"start":{"line":70,"column":32},"end":{"line":84,"column":null}},{"start":{"line":80,"column":32},"end":{"line":84,"column":null}}]},"7":{"loc":{"start":{"line":75,"column":36},"end":{"line":78,"column":null}},"type":"if","locations":[{"start":{"line":75,"column":36},"end":{"line":78,"column":null}},{"start":{},"end":{}}]},"8":{"loc":{"start":{"line":80,"column":32},"end":{"line":84,"column":null}},"type":"if","locations":[{"start":{"line":80,"column":32},"end":{"line":84,"column":null}},{"start":{"line":82,"column":39},"end":{"line":84,"column":null}}]}},"s":{"0":0,"1":0,"2":0,"3":0,"4":0,"5":0,"6":0,"7":0,"8":0,"9":0,"10":0,"11":0,"12":0,"13":0,"14":0,"15":0,"16":0,"17":0,"18":0,"19":0,"20":0,"21":0,"22":0,"23":0,"24":0,"25":0,"26":0,"27":0,"28":0,"29":0,"30":0,"31":0,"32":0,"33":0,"34":0,"35":0,"36":0,"37":0,"38":0,"39":0,"40":0,"41":0,"42":0,"43":0,"44":0,"45":0,"46":0,"47":0,"48":0,"49":0,"50":0,"51":0,"52":0,"53":0,"54":0,"55":0,"56":0,"57":0,"58":0},"f":{"0":0,"1":0,"2":0,"3":0,"4":0,"5":0,"6":0,"7":0,"8":0,"9":0},"b":{"0":[0,0],"1":[0,0],"2":[0,0],"3":[0,0],"4":[0,0],"5":[0,0],"6":[0,0],"7":[0,0],"8":[0,0]}}
,"C:/Users/LOQ/projects/TheStoryNexusDesktopApp/src/components/lexical-editor/WordCountPlugin.tsx": {"path":"C:/Users/LOQ/projects/TheStoryNexusDesktopApp/src/components/lexical-editor/WordCountPlugin.tsx","statementMap":{"0":{"start":{"line":6,"column":21},"end":{"line":6,"column":null}},"1":{"start":{"line":7,"column":38},"end":{"line":7,"column":null}},"2":{"start":{"line":9,"column":4},"end":{"line":24,"column":null}},"3":{"start":{"line":11,"column":27},"end":{"line":20,"column":null}},"4":{"start":{"line":12,"column":12},"end":{"line":19,"column":null}},"5":{"start":{"line":14,"column":29},"end":{"line":14,"column":null}},"6":{"start":{"line":15,"column":29},"end":{"line":15,"column":null}},"7":{"start":{"line":17,"column":30},"end":{"line":17,"column":null}},"8":{"start":{"line":18,"column":16},"end":{"line":18,"column":null}},"9":{"start":{"line":23,"column":8},"end":{"line":23,"column":null}},"10":{"start":{"line":26,"column":4},"end":{"line":29,"column":null}}},"fnMap":{"0":{"name":"WordCountPlugin","decl":{"start":{"line":5,"column":24},"end":{"line":5,"column":42}},"loc":{"start":{"line":5,"column":42},"end":{"line":31,"column":null}}},"1":{"name":"(anonymous_1)","decl":{"start":{"line":9,"column":14},"end":{"line":9,"column":20}},"loc":{"start":{"line":9,"column":20},"end":{"line":24,"column":7}}},"2":{"name":"(anonymous_2)","decl":{"start":{"line":11,"column":57},"end":{"line":11,"column":58}},"loc":{"start":{"line":11,"column":78},"end":{"line":20,"column":9}}},"3":{"name":"(anonymous_3)","decl":{"start":{"line":12,"column":29},"end":{"line":12,"column":35}},"loc":{"start":{"line":12,"column":35},"end":{"line":19,"column":13}}}},"branchMap":{"0":{"loc":{"start":{"line":18,"column":29},"end":{"line":18,"column":53}},"type":"cond-expr","locations":[{"start":{"line":18,"column":37},"end":{"line":18,"column":52}},{"start":{"line":18,"column":52},"end":{"line":18,"column":53}}]}},"s":{"0":0,"1":0,"2":0,"3":0,"4":0,"5":0,"6":0,"7":0,"8":0,"9":0,"10":0},"f":{"0":0,"1":0,"2":0,"3":0},"b":{"0":[0,0]}}
,"C:/Users/LOQ/projects/TheStoryNexusDesktopApp/src/components/ui/accordion.tsx": {"path":"C:/Users/LOQ/projects/TheStoryNexusDesktopApp/src/components/ui/accordion.tsx","statementMap":{"0":{"start":{"line":6,"column":18},"end":{"line":6,"column":null}},"1":{"start":{"line":8,"column":22},"end":{"line":17,"column":null}},"2":{"start":{"line":12,"column":2},"end":{"line":16,"column":null}},"3":{"start":{"line":18,"column":0},"end":{"line":18,"column":null}},"4":{"start":{"line":20,"column":25},"end":{"line":37,"column":null}},"5":{"start":{"line":24,"column":2},"end":{"line":36,"column":null}},"6":{"start":{"line":38,"column":0},"end":{"line":38,"column":null}},"7":{"start":{"line":40,"column":25},"end":{"line":51,"column":null}},"8":{"start":{"line":44,"column":2},"end":{"line":50,"column":null}},"9":{"start":{"line":52,"column":0},"end":{"line":52,"column":null}}},"fnMap":{"0":{"name":"(anonymous_0)","decl":{"start":{"line":11,"column":2},"end":{"line":11,"column":3}},"loc":{"start":{"line":12,"column":2},"end":{"line":16,"column":null}}},"1":{"name":"(anonymous_1)","decl":{"start":{"line":23,"column":2},"end":{"line":23,"column":3}},"loc":{"start":{"line":24,"column":2},"end":{"line":36,"column":null}}},"2":{"name":"(anonymous_2)","decl":{"start":{"line":43,"column":2},"end":{"line":43,"column":3}},"loc":{"start":{"line":44,"column":2},"end":{"line":50,"column":null}}}},"branchMap":{},"s":{"0":0,"1":0,"2":0,"3":0,"4":0,"5":0,"6":0,"7":0,"8":0,"9":0},"f":{"0":0,"1":0,"2":0},"b":{}}
,"C:/Users/LOQ/projects/TheStoryNexusDesktopApp/src/components/ui/alert-dialog.tsx": {"path":"C:/Users/LOQ/projects/TheStoryNexusDesktopApp/src/components/ui/alert-dialog.tsx","statementMap":{"0":{"start":{"line":7,"column":20},"end":{"line":7,"column":null}},"1":{"start":{"line":9,"column":27},"end":{"line":9,"column":null}},"2":{"start":{"line":11,"column":26},"end":{"line":11,"column":null}},"3":{"start":{"line":13,"column":27},"end":{"line":25,"column":null}},"4":{"start":{"line":17,"column":2},"end":{"line":24,"column":null}},"5":{"start":{"line":26,"column":0},"end":{"line":26,"column":null}},"6":{"start":{"line":28,"column":27},"end":{"line":43,"column":null}},"7":{"start":{"line":32,"column":2},"end":{"line":42,"column":null}},"8":{"start":{"line":44,"column":0},"end":{"line":44,"column":null}},"9":{"start":{"line":46,"column":26},"end":{"line":56,"column":null}},"10":{"start":{"line":50,"column":2},"end":{"line":56,"column":null}},"11":{"start":{"line":58,"column":0},"end":{"line":58,"column":null}},"12":{"start":{"line":60,"column":26},"end":{"line":70,"column":null}},"13":{"start":{"line":64,"column":2},"end":{"line":70,"column":null}},"14":{"start":{"line":72,"column":0},"end":{"line":72,"column":null}},"15":{"start":{"line":74,"column":25},"end":{"line":83,"column":null}},"16":{"start":{"line":78,"column":2},"end":{"line":82,"column":null}},"17":{"start":{"line":84,"column":0},"end":{"line":84,"column":null}},"18":{"start":{"line":86,"column":31},"end":{"line":95,"column":null}},"19":{"start":{"line":90,"column":2},"end":{"line":94,"column":null}},"20":{"start":{"line":96,"column":0},"end":{"line":97,"column":null}},"21":{"start":{"line":99,"column":26},"end":{"line":108,"column":null}},"22":{"start":{"line":103,"column":2},"end":{"line":107,"column":null}},"23":{"start":{"line":109,"column":0},"end":{"line":109,"column":null}},"24":{"start":{"line":111,"column":26},"end":{"line":124,"column":null}},"25":{"start":{"line":115,"column":2},"end":{"line":123,"column":null}},"26":{"start":{"line":125,"column":0},"end":{"line":125,"column":null}}},"fnMap":{"0":{"name":"(anonymous_0)","decl":{"start":{"line":16,"column":2},"end":{"line":16,"column":3}},"loc":{"start":{"line":17,"column":2},"end":{"line":24,"column":null}}},"1":{"name":"(anonymous_1)","decl":{"start":{"line":31,"column":2},"end":{"line":31,"column":3}},"loc":{"start":{"line":32,"column":2},"end":{"line":42,"column":null}}},"2":{"name":"(anonymous_2)","decl":{"start":{"line":46,"column":26},"end":{"line":46,"column":27}},"loc":{"start":{"line":50,"column":2},"end":{"line":56,"column":null}}},"3":{"name":"(anonymous_3)","decl":{"start":{"line":60,"column":26},"end":{"line":60,"column":27}},"loc":{"start":{"line":64,"column":2},"end":{"line":70,"column":null}}},"4":{"name":"(anonymous_4)","decl":{"start":{"line":77,"column":2},"end":{"line":77,"column":3}},"loc":{"start":{"line":78,"column":2},"end":{"line":82,"column":null}}},"5":{"name":"(anonymous_5)","decl":{"start":{"line":89,"column":2},"end":{"line":89,"column":3}},"loc":{"start":{"line":90,"column":2},"end":{"line":94,"column":null}}},"6":{"name":"(anonymous_6)","decl":{"start":{"line":102,"column":2},"end":{"line":102,"column":3}},"loc":{"start":{"line":103,"column":2},"end":{"line":107,"column":null}}},"7":{"name":"(anonymous_7)","decl":{"start":{"line":114,"column":2},"end":{"line":114,"column":3}},"loc":{"start":{"line":115,"column":2},"end":{"line":123,"column":null}}}},"branchMap":{},"s":{"0":1,"1":1,"2":1,"3":1,"4":0,"5":1,"6":1,"7":2,"8":1,"9":1,"10":0,"11":1,"12":1,"13":0,"14":1,"15":1,"16":0,"17":1,"18":1,"19":0,"20":1,"21":1,"22":0,"23":1,"24":1,"25":0,"26":1},"f":{"0":0,"1":2,"2":0,"3":0,"4":0,"5":0,"6":0,"7":0},"b":{}}
,"C:/Users/LOQ/projects/TheStoryNexusDesktopApp/src/components/ui/alert.tsx": {"path":"C:/Users/LOQ/projects/TheStoryNexusDesktopApp/src/components/ui/alert.tsx","statementMap":{"0":{"start":{"line":6,"column":22},"end":{"line":20,"column":null}},"1":{"start":{"line":22,"column":14},"end":{"line":32,"column":null}},"2":{"start":{"line":26,"column":2},"end":{"line":31,"column":null}},"3":{"start":{"line":33,"column":0},"end":{"line":33,"column":null}},"4":{"start":{"line":35,"column":19},"end":{"line":44,"column":null}},"5":{"start":{"line":39,"column":2},"end":{"line":43,"column":null}},"6":{"start":{"line":45,"column":0},"end":{"line":45,"column":null}},"7":{"start":{"line":47,"column":25},"end":{"line":56,"column":null}},"8":{"start":{"line":51,"column":2},"end":{"line":55,"column":null}},"9":{"start":{"line":57,"column":0},"end":{"line":57,"column":null}}},"fnMap":{"0":{"name":"(anonymous_0)","decl":{"start":{"line":25,"column":2},"end":{"line":25,"column":3}},"loc":{"start":{"line":26,"column":2},"end":{"line":31,"column":null}}},"1":{"name":"(anonymous_1)","decl":{"start":{"line":38,"column":2},"end":{"line":38,"column":3}},"loc":{"start":{"line":39,"column":2},"end":{"line":43,"column":null}}},"2":{"name":"(anonymous_2)","decl":{"start":{"line":50,"column":2},"end":{"line":50,"column":3}},"loc":{"start":{"line":51,"column":2},"end":{"line":55,"column":null}}}},"branchMap":{},"s":{"0":0,"1":0,"2":0,"3":0,"4":0,"5":0,"6":0,"7":0,"8":0,"9":0},"f":{"0":0,"1":0,"2":0},"b":{}}
,"C:/Users/LOQ/projects/TheStoryNexusDesktopApp/src/components/ui/breadcrumb.tsx": {"path":"C:/Users/LOQ/projects/TheStoryNexusDesktopApp/src/components/ui/breadcrumb.tsx","statementMap":{"0":{"start":{"line":6,"column":19},"end":{"line":11,"column":null}},"1":{"start":{"line":11,"column":25},"end":{"line":11,"column":77}},"2":{"start":{"line":12,"column":0},"end":{"line":12,"column":null}},"3":{"start":{"line":14,"column":23},"end":{"line":26,"column":null}},"4":{"start":{"line":18,"column":2},"end":{"line":25,"column":null}},"5":{"start":{"line":27,"column":0},"end":{"line":27,"column":null}},"6":{"start":{"line":29,"column":23},"end":{"line":38,"column":null}},"7":{"start":{"line":33,"column":2},"end":{"line":37,"column":null}},"8":{"start":{"line":39,"column":0},"end":{"line":39,"column":null}},"9":{"start":{"line":41,"column":23},"end":{"line":56,"column":null}},"10":{"start":{"line":47,"column":15},"end":{"line":47,"column":null}},"11":{"start":{"line":49,"column":2},"end":{"line":54,"column":null}},"12":{"start":{"line":57,"column":0},"end":{"line":57,"column":null}},"13":{"start":{"line":59,"column":23},"end":{"line":71,"column":null}},"14":{"start":{"line":63,"column":2},"end":{"line":70,"column":null}},"15":{"start":{"line":72,"column":0},"end":{"line":72,"column":null}},"16":{"start":{"line":74,"column":28},"end":{"line":86,"column":null}},"17":{"start":{"line":79,"column":2},"end":{"line":86,"column":null}},"18":{"start":{"line":88,"column":0},"end":{"line":88,"column":null}},"19":{"start":{"line":90,"column":27},"end":{"line":102,"column":null}},"20":{"start":{"line":94,"column":2},"end":{"line":102,"column":null}},"21":{"start":{"line":104,"column":0},"end":{"line":104,"column":null}}},"fnMap":{"0":{"name":"(anonymous_0)","decl":{"start":{"line":11,"column":2},"end":{"line":11,"column":3}},"loc":{"start":{"line":11,"column":25},"end":{"line":11,"column":77}}},"1":{"name":"(anonymous_1)","decl":{"start":{"line":17,"column":2},"end":{"line":17,"column":3}},"loc":{"start":{"line":18,"column":2},"end":{"line":25,"column":null}}},"2":{"name":"(anonymous_2)","decl":{"start":{"line":32,"column":2},"end":{"line":32,"column":3}},"loc":{"start":{"line":33,"column":2},"end":{"line":37,"column":null}}},"3":{"name":"(anonymous_3)","decl":{"start":{"line":46,"column":2},"end":{"line":46,"column":3}},"loc":{"start":{"line":46,"column":45},"end":{"line":56,"column":1}}},"4":{"name":"(anonymous_4)","decl":{"start":{"line":62,"column":2},"end":{"line":62,"column":3}},"loc":{"start":{"line":63,"column":2},"end":{"line":70,"column":null}}},"5":{"name":"(anonymous_5)","decl":{"start":{"line":74,"column":28},"end":{"line":74,"column":29}},"loc":{"start":{"line":79,"column":2},"end":{"line":86,"column":null}}},"6":{"name":"(anonymous_6)","decl":{"start":{"line":90,"column":27},"end":{"line":90,"column":28}},"loc":{"start":{"line":94,"column":2},"end":{"line":102,"column":null}}}},"branchMap":{"0":{"loc":{"start":{"line":47,"column":15},"end":{"line":47,"column":null}},"type":"cond-expr","locations":[{"start":{"line":47,"column":25},"end":{"line":47,"column":32}},{"start":{"line":47,"column":32},"end":{"line":47,"column":null}}]},"1":{"loc":{"start":{"line":85,"column":5},"end":{"line":85,"column":null}},"type":"binary-expr","locations":[{"start":{"line":85,"column":5},"end":{"line":85,"column":17}},{"start":{"line":85,"column":17},"end":{"line":85,"column":null}}]}},"s":{"0":0,"1":0,"2":0,"3":0,"4":0,"5":0,"6":0,"7":0,"8":0,"9":0,"10":0,"11":0,"12":0,"13":0,"14":0,"15":0,"16":0,"17":0,"18":0,"19":0,"20":0,"21":0},"f":{"0":0,"1":0,"2":0,"3":0,"4":0,"5":0,"6":0},"b":{"0":[0,0],"1":[0,0]}}
,"C:/Users/LOQ/projects/TheStoryNexusDesktopApp/src/components/ui/button.tsx": {"path":"C:/Users/LOQ/projects/TheStoryNexusDesktopApp/src/components/ui/button.tsx","statementMap":{"0":{"start":{"line":7,"column":23},"end":{"line":35,"column":null}},"1":{"start":{"line":43,"column":15},"end":{"line":54,"column":null}},"2":{"start":{"line":45,"column":17},"end":{"line":45,"column":null}},"3":{"start":{"line":46,"column":4},"end":{"line":51,"column":null}},"4":{"start":{"line":55,"column":0},"end":{"line":55,"column":null}}},"fnMap":{"0":{"name":"(anonymous_0)","decl":{"start":{"line":44,"column":2},"end":{"line":44,"column":3}},"loc":{"start":{"line":44,"column":68},"end":{"line":53,"column":null}}}},"branchMap":{"0":{"loc":{"start":{"line":44,"column":31},"end":{"line":44,"column":48}},"type":"default-arg","locations":[{"start":{"line":44,"column":41},"end":{"line":44,"column":48}}]},"1":{"loc":{"start":{"line":45,"column":17},"end":{"line":45,"column":null}},"type":"cond-expr","locations":[{"start":{"line":45,"column":27},"end":{"line":45,"column":34}},{"start":{"line":45,"column":34},"end":{"line":45,"column":null}}]}},"s":{"0":3,"1":3,"2":75,"3":75,"4":3},"f":{"0":75},"b":{"0":[43],"1":[32,43]}}
,"C:/Users/LOQ/projects/TheStoryNexusDesktopApp/src/components/ui/card.tsx": {"path":"C:/Users/LOQ/projects/TheStoryNexusDesktopApp/src/components/ui/card.tsx","statementMap":{"0":{"start":{"line":5,"column":13},"end":{"line":17,"column":null}},"1":{"start":{"line":9,"column":2},"end":{"line":16,"column":null}},"2":{"start":{"line":18,"column":0},"end":{"line":18,"column":null}},"3":{"start":{"line":20,"column":19},"end":{"line":29,"column":null}},"4":{"start":{"line":24,"column":2},"end":{"line":28,"column":null}},"5":{"start":{"line":30,"column":0},"end":{"line":30,"column":null}},"6":{"start":{"line":32,"column":18},"end":{"line":41,"column":null}},"7":{"start":{"line":36,"column":2},"end":{"line":40,"column":null}},"8":{"start":{"line":42,"column":0},"end":{"line":42,"column":null}},"9":{"start":{"line":44,"column":24},"end":{"line":53,"column":null}},"10":{"start":{"line":48,"column":2},"end":{"line":52,"column":null}},"11":{"start":{"line":54,"column":0},"end":{"line":54,"column":null}},"12":{"start":{"line":56,"column":20},"end":{"line":61,"column":null}},"13":{"start":{"line":60,"column":2},"end":{"line":60,"column":null}},"14":{"start":{"line":62,"column":0},"end":{"line":62,"column":null}},"15":{"start":{"line":64,"column":19},"end":{"line":73,"column":null}},"16":{"start":{"line":68,"column":2},"end":{"line":72,"column":null}},"17":{"start":{"line":74,"column":0},"end":{"line":74,"column":null}}},"fnMap":{"0":{"name":"(anonymous_0)","decl":{"start":{"line":8,"column":2},"end":{"line":8,"column":3}},"loc":{"start":{"line":9,"column":2},"end":{"line":16,"column":null}}},"1":{"name":"(anonymous_1)","decl":{"start":{"line":23,"column":2},"end":{"line":23,"column":3}},"loc":{"start":{"line":24,"column":2},"end":{"line":28,"column":null}}},"2":{"name":"(anonymous_2)","decl":{"start":{"line":35,"column":2},"end":{"line":35,"column":3}},"loc":{"start":{"line":36,"column":2},"end":{"line":40,"column":null}}},"3":{"name":"(anonymous_3)","decl":{"start":{"line":47,"column":2},"end":{"line":47,"column":3}},"loc":{"start":{"line":48,"column":2},"end":{"line":52,"column":null}}},"4":{"name":"(anonymous_4)","decl":{"start":{"line":59,"column":2},"end":{"line":59,"column":3}},"loc":{"start":{"line":60,"column":2},"end":{"line":60,"column":null}}},"5":{"name":"(anonymous_5)","decl":{"start":{"line":67,"column":2},"end":{"line":67,"column":3}},"loc":{"start":{"line":68,"column":2},"end":{"line":72,"column":null}}}},"branchMap":{},"s":{"0":2,"1":8,"2":2,"3":2,"4":8,"5":2,"6":2,"7":6,"8":2,"9":2,"10":6,"11":2,"12":2,"13":6,"14":2,"15":2,"16":6,"17":2},"f":{"0":8,"1":8,"2":6,"3":6,"4":6,"5":6},"b":{}}
,"C:/Users/LOQ/projects/TheStoryNexusDesktopApp/src/components/ui/checkbox.tsx": {"path":"C:/Users/LOQ/projects/TheStoryNexusDesktopApp/src/components/ui/checkbox.tsx","statementMap":{"0":{"start":{"line":6,"column":17},"end":{"line":24,"column":null}},"1":{"start":{"line":10,"column":2},"end":{"line":23,"column":null}},"2":{"start":{"line":25,"column":0},"end":{"line":25,"column":null}}},"fnMap":{"0":{"name":"(anonymous_0)","decl":{"start":{"line":9,"column":2},"end":{"line":9,"column":3}},"loc":{"start":{"line":10,"column":2},"end":{"line":23,"column":null}}}},"branchMap":{},"s":{"0":0,"1":0,"2":0},"f":{"0":0},"b":{}}
,"C:/Users/LOQ/projects/TheStoryNexusDesktopApp/src/components/ui/command.tsx": {"path":"C:/Users/LOQ/projects/TheStoryNexusDesktopApp/src/components/ui/command.tsx","statementMap":{"0":{"start":{"line":10,"column":16},"end":{"line":22,"column":null}},"1":{"start":{"line":14,"column":2},"end":{"line":21,"column":null}},"2":{"start":{"line":23,"column":0},"end":{"line":23,"column":null}},"3":{"start":{"line":25,"column":22},"end":{"line":35,"column":null}},"4":{"start":{"line":26,"column":2},"end":{"line":33,"column":null}},"5":{"start":{"line":37,"column":21},"end":{"line":52,"column":null}},"6":{"start":{"line":41,"column":2},"end":{"line":51,"column":null}},"7":{"start":{"line":54,"column":0},"end":{"line":54,"column":null}},"8":{"start":{"line":56,"column":20},"end":{"line":65,"column":null}},"9":{"start":{"line":60,"column":2},"end":{"line":64,"column":null}},"10":{"start":{"line":67,"column":0},"end":{"line":67,"column":null}},"11":{"start":{"line":69,"column":21},"end":{"line":78,"column":null}},"12":{"start":{"line":73,"column":2},"end":{"line":77,"column":null}},"13":{"start":{"line":80,"column":0},"end":{"line":80,"column":null}},"14":{"start":{"line":82,"column":21},"end":{"line":94,"column":null}},"15":{"start":{"line":86,"column":2},"end":{"line":93,"column":null}},"16":{"start":{"line":96,"column":0},"end":{"line":96,"column":null}},"17":{"start":{"line":98,"column":25},"end":{"line":107,"column":null}},"18":{"start":{"line":102,"column":2},"end":{"line":106,"column":null}},"19":{"start":{"line":108,"column":0},"end":{"line":108,"column":null}},"20":{"start":{"line":110,"column":20},"end":{"line":122,"column":null}},"21":{"start":{"line":114,"column":2},"end":{"line":121,"column":null}},"22":{"start":{"line":124,"column":0},"end":{"line":124,"column":null}},"23":{"start":{"line":126,"column":24},"end":{"line":139,"column":null}},"24":{"start":{"line":130,"column":2},"end":{"line":137,"column":null}},"25":{"start":{"line":140,"column":0},"end":{"line":140,"column":null}}},"fnMap":{"0":{"name":"(anonymous_0)","decl":{"start":{"line":13,"column":2},"end":{"line":13,"column":3}},"loc":{"start":{"line":14,"column":2},"end":{"line":21,"column":null}}},"1":{"name":"(anonymous_1)","decl":{"start":{"line":25,"column":22},"end":{"line":25,"column":23}},"loc":{"start":{"line":25,"column":63},"end":{"line":35,"column":null}}},"2":{"name":"(anonymous_2)","decl":{"start":{"line":40,"column":2},"end":{"line":40,"column":3}},"loc":{"start":{"line":41,"column":2},"end":{"line":51,"column":null}}},"3":{"name":"(anonymous_3)","decl":{"start":{"line":59,"column":2},"end":{"line":59,"column":3}},"loc":{"start":{"line":60,"column":2},"end":{"line":64,"column":null}}},"4":{"name":"(anonymous_4)","decl":{"start":{"line":72,"column":2},"end":{"line":72,"column":3}},"loc":{"start":{"line":73,"column":2},"end":{"line":77,"column":null}}},"5":{"name":"(anonymous_5)","decl":{"start":{"line":85,"column":2},"end":{"line":85,"column":3}},"loc":{"start":{"line":86,"column":2},"end":{"line":93,"column":null}}},"6":{"name":"(anonymous_6)","decl":{"start":{"line":101,"column":2},"end":{"line":101,"column":3}},"loc":{"start":{"line":102,"column":2},"end":{"line":106,"column":null}}},"7":{"name":"(anonymous_7)","decl":{"start":{"line":113,"column":2},"end":{"line":113,"column":3}},"loc":{"start":{"line":114,"column":2},"end":{"line":121,"column":null}}},"8":{"name":"(anonymous_8)","decl":{"start":{"line":126,"column":24},"end":{"line":126,"column":25}},"loc":{"start":{"line":129,"column":45},"end":{"line":139,"column":null}}}},"branchMap":{},"s":{"0":0,"1":0,"2":0,"3":0,"4":0,"5":0,"6":0,"7":0,"8":0,"9":0,"10":0,"11":0,"12":0,"13":0,"14":0,"15":0,"16":0,"17":0,"18":0,"19":0,"20":0,"21":0,"22":0,"23":0,"24":0,"25":0},"f":{"0":0,"1":0,"2":0,"3":0,"4":0,"5":0,"6":0,"7":0,"8":0},"b":{}}
,"C:/Users/LOQ/projects/TheStoryNexusDesktopApp/src/components/ui/context-menu.tsx": {"path":"C:/Users/LOQ/projects/TheStoryNexusDesktopApp/src/components/ui/context-menu.tsx","statementMap":{"0":{"start":{"line":6,"column":20},"end":{"line":6,"column":null}},"1":{"start":{"line":8,"column":27},"end":{"line":8,"column":null}},"2":{"start":{"line":10,"column":25},"end":{"line":10,"column":null}},"3":{"start":{"line":12,"column":26},"end":{"line":12,"column":null}},"4":{"start":{"line":14,"column":23},"end":{"line":14,"column":null}},"5":{"start":{"line":16,"column":30},"end":{"line":16,"column":null}},"6":{"start":{"line":18,"column":30},"end":{"line":36,"column":null}},"7":{"start":{"line":24,"column":2},"end":{"line":35,"column":null}},"8":{"start":{"line":37,"column":0},"end":{"line":37,"column":null}},"9":{"start":{"line":39,"column":30},"end":{"line":51,"column":null}},"10":{"start":{"line":43,"column":2},"end":{"line":50,"column":null}},"11":{"start":{"line":52,"column":0},"end":{"line":52,"column":null}},"12":{"start":{"line":54,"column":27},"end":{"line":68,"column":null}},"13":{"start":{"line":58,"column":2},"end":{"line":67,"column":null}},"14":{"start":{"line":69,"column":0},"end":{"line":69,"column":null}},"15":{"start":{"line":71,"column":24},"end":{"line":86,"column":null}},"16":{"start":{"line":77,"column":2},"end":{"line":85,"column":null}},"17":{"start":{"line":87,"column":0},"end":{"line":87,"column":null}},"18":{"start":{"line":89,"column":32},"end":{"line":109,"column":null}},"19":{"start":{"line":93,"column":2},"end":{"line":108,"column":null}},"20":{"start":{"line":110,"column":0},"end":{"line":111,"column":null}},"21":{"start":{"line":113,"column":29},"end":{"line":132,"column":null}},"22":{"start":{"line":117,"column":2},"end":{"line":131,"column":null}},"23":{"start":{"line":133,"column":0},"end":{"line":133,"column":null}},"24":{"start":{"line":135,"column":25},"end":{"line":150,"column":null}},"25":{"start":{"line":141,"column":2},"end":{"line":149,"column":null}},"26":{"start":{"line":151,"column":0},"end":{"line":151,"column":null}},"27":{"start":{"line":153,"column":29},"end":{"line":162,"column":null}},"28":{"start":{"line":157,"column":2},"end":{"line":161,"column":null}},"29":{"start":{"line":163,"column":0},"end":{"line":163,"column":null}},"30":{"start":{"line":165,"column":28},"end":{"line":178,"column":null}},"31":{"start":{"line":169,"column":2},"end":{"line":176,"column":null}},"32":{"start":{"line":179,"column":0},"end":{"line":179,"column":null}}},"fnMap":{"0":{"name":"(anonymous_0)","decl":{"start":{"line":23,"column":2},"end":{"line":23,"column":3}},"loc":{"start":{"line":24,"column":2},"end":{"line":35,"column":null}}},"1":{"name":"(anonymous_1)","decl":{"start":{"line":42,"column":2},"end":{"line":42,"column":3}},"loc":{"start":{"line":43,"column":2},"end":{"line":50,"column":null}}},"2":{"name":"(anonymous_2)","decl":{"start":{"line":57,"column":2},"end":{"line":57,"column":3}},"loc":{"start":{"line":58,"column":2},"end":{"line":67,"column":null}}},"3":{"name":"(anonymous_3)","decl":{"start":{"line":76,"column":2},"end":{"line":76,"column":3}},"loc":{"start":{"line":77,"column":2},"end":{"line":85,"column":null}}},"4":{"name":"(anonymous_4)","decl":{"start":{"line":92,"column":2},"end":{"line":92,"column":3}},"loc":{"start":{"line":93,"column":2},"end":{"line":108,"column":null}}},"5":{"name":"(anonymous_5)","decl":{"start":{"line":116,"column":2},"end":{"line":116,"column":3}},"loc":{"start":{"line":117,"column":2},"end":{"line":131,"column":null}}},"6":{"name":"(anonymous_6)","decl":{"start":{"line":140,"column":2},"end":{"line":140,"column":3}},"loc":{"start":{"line":141,"column":2},"end":{"line":149,"column":null}}},"7":{"name":"(anonymous_7)","decl":{"start":{"line":156,"column":2},"end":{"line":156,"column":3}},"loc":{"start":{"line":157,"column":2},"end":{"line":161,"column":null}}},"8":{"name":"(anonymous_8)","decl":{"start":{"line":165,"column":28},"end":{"line":165,"column":29}},"loc":{"start":{"line":168,"column":45},"end":{"line":178,"column":null}}}},"branchMap":{"0":{"loc":{"start":{"line":28,"column":6},"end":{"line":28,"column":null}},"type":"binary-expr","locations":[{"start":{"line":28,"column":6},"end":{"line":28,"column":15}},{"start":{"line":28,"column":15},"end":{"line":28,"column":null}}]},"1":{"loc":{"start":{"line":81,"column":6},"end":{"line":81,"column":null}},"type":"binary-expr","locations":[{"start":{"line":81,"column":6},"end":{"line":81,"column":15}},{"start":{"line":81,"column":15},"end":{"line":81,"column":null}}]},"2":{"loc":{"start":{"line":145,"column":6},"end":{"line":145,"column":null}},"type":"binary-expr","locations":[{"start":{"line":145,"column":6},"end":{"line":145,"column":15}},{"start":{"line":145,"column":15},"end":{"line":145,"column":null}}]}},"s":{"0":0,"1":0,"2":0,"3":0,"4":0,"5":0,"6":0,"7":0,"8":0,"9":0,"10":0,"11":0,"12":0,"13":0,"14":0,"15":0,"16":0,"17":0,"18":0,"19":0,"20":0,"21":0,"22":0,"23":0,"24":0,"25":0,"26":0,"27":0,"28":0,"29":0,"30":0,"31":0,"32":0},"f":{"0":0,"1":0,"2":0,"3":0,"4":0,"5":0,"6":0,"7":0,"8":0},"b":{"0":[0,0],"1":[0,0],"2":[0,0]}}
,"C:/Users/LOQ/projects/TheStoryNexusDesktopApp/src/components/ui/dialog.tsx": {"path":"C:/Users/LOQ/projects/TheStoryNexusDesktopApp/src/components/ui/dialog.tsx","statementMap":{"0":{"start":{"line":6,"column":15},"end":{"line":6,"column":null}},"1":{"start":{"line":8,"column":22},"end":{"line":8,"column":null}},"2":{"start":{"line":10,"column":21},"end":{"line":10,"column":null}},"3":{"start":{"line":12,"column":20},"end":{"line":12,"column":null}},"4":{"start":{"line":14,"column":22},"end":{"line":26,"column":null}},"5":{"start":{"line":18,"column":2},"end":{"line":25,"column":null}},"6":{"start":{"line":27,"column":0},"end":{"line":27,"column":null}},"7":{"start":{"line":29,"column":22},"end":{"line":50,"column":null}},"8":{"start":{"line":33,"column":2},"end":{"line":49,"column":null}},"9":{"start":{"line":51,"column":0},"end":{"line":51,"column":null}},"10":{"start":{"line":53,"column":21},"end":{"line":63,"column":null}},"11":{"start":{"line":57,"column":2},"end":{"line":63,"column":null}},"12":{"start":{"line":65,"column":0},"end":{"line":65,"column":null}},"13":{"start":{"line":67,"column":21},"end":{"line":77,"column":null}},"14":{"start":{"line":71,"column":2},"end":{"line":77,"column":null}},"15":{"start":{"line":79,"column":0},"end":{"line":79,"column":null}},"16":{"start":{"line":81,"column":20},"end":{"line":93,"column":null}},"17":{"start":{"line":85,"column":2},"end":{"line":92,"column":null}},"18":{"start":{"line":94,"column":0},"end":{"line":94,"column":null}},"19":{"start":{"line":96,"column":26},"end":{"line":105,"column":null}},"20":{"start":{"line":100,"column":2},"end":{"line":104,"column":null}},"21":{"start":{"line":106,"column":0},"end":{"line":106,"column":null}}},"fnMap":{"0":{"name":"(anonymous_0)","decl":{"start":{"line":17,"column":2},"end":{"line":17,"column":3}},"loc":{"start":{"line":18,"column":2},"end":{"line":25,"column":null}}},"1":{"name":"(anonymous_1)","decl":{"start":{"line":32,"column":2},"end":{"line":32,"column":3}},"loc":{"start":{"line":33,"column":2},"end":{"line":49,"column":null}}},"2":{"name":"(anonymous_2)","decl":{"start":{"line":53,"column":21},"end":{"line":53,"column":22}},"loc":{"start":{"line":57,"column":2},"end":{"line":63,"column":null}}},"3":{"name":"(anonymous_3)","decl":{"start":{"line":67,"column":21},"end":{"line":67,"column":22}},"loc":{"start":{"line":71,"column":2},"end":{"line":77,"column":null}}},"4":{"name":"(anonymous_4)","decl":{"start":{"line":84,"column":2},"end":{"line":84,"column":3}},"loc":{"start":{"line":85,"column":2},"end":{"line":92,"column":null}}},"5":{"name":"(anonymous_5)","decl":{"start":{"line":99,"column":2},"end":{"line":99,"column":3}},"loc":{"start":{"line":100,"column":2},"end":{"line":104,"column":null}}}},"branchMap":{},"s":{"0":2,"1":2,"2":2,"3":2,"4":2,"5":6,"6":2,"7":2,"8":16,"9":2,"10":2,"11":4,"12":2,"13":2,"14":4,"15":2,"16":2,"17":4,"18":2,"19":2,"20":4,"21":2},"f":{"0":6,"1":16,"2":4,"3":4,"4":4,"5":4},"b":{}}
,"C:/Users/LOQ/projects/TheStoryNexusDesktopApp/src/components/ui/drawer.tsx": {"path":"C:/Users/LOQ/projects/TheStoryNexusDesktopApp/src/components/ui/drawer.tsx","statementMap":{"0":{"start":{"line":8,"column":15},"end":{"line":15,"column":null}},"1":{"start":{"line":12,"column":2},"end":{"line":15,"column":null}},"2":{"start":{"line":17,"column":0},"end":{"line":17,"column":null}},"3":{"start":{"line":19,"column":22},"end":{"line":19,"column":null}},"4":{"start":{"line":21,"column":21},"end":{"line":21,"column":null}},"5":{"start":{"line":23,"column":20},"end":{"line":23,"column":null}},"6":{"start":{"line":25,"column":22},"end":{"line":34,"column":null}},"7":{"start":{"line":29,"column":2},"end":{"line":33,"column":null}},"8":{"start":{"line":35,"column":0},"end":{"line":35,"column":null}},"9":{"start":{"line":37,"column":22},"end":{"line":55,"column":null}},"10":{"start":{"line":41,"column":2},"end":{"line":54,"column":null}},"11":{"start":{"line":56,"column":0},"end":{"line":56,"column":null}},"12":{"start":{"line":58,"column":21},"end":{"line":65,"column":null}},"13":{"start":{"line":62,"column":2},"end":{"line":65,"column":null}},"14":{"start":{"line":67,"column":0},"end":{"line":67,"column":null}},"15":{"start":{"line":69,"column":21},"end":{"line":76,"column":null}},"16":{"start":{"line":73,"column":2},"end":{"line":76,"column":null}},"17":{"start":{"line":78,"column":0},"end":{"line":78,"column":null}},"18":{"start":{"line":80,"column":20},"end":{"line":92,"column":null}},"19":{"start":{"line":84,"column":2},"end":{"line":91,"column":null}},"20":{"start":{"line":93,"column":0},"end":{"line":93,"column":null}},"21":{"start":{"line":95,"column":26},"end":{"line":104,"column":null}},"22":{"start":{"line":99,"column":2},"end":{"line":103,"column":null}},"23":{"start":{"line":105,"column":0},"end":{"line":105,"column":null}}},"fnMap":{"0":{"name":"(anonymous_0)","decl":{"start":{"line":8,"column":15},"end":{"line":8,"column":16}},"loc":{"start":{"line":12,"column":2},"end":{"line":15,"column":null}}},"1":{"name":"(anonymous_1)","decl":{"start":{"line":28,"column":2},"end":{"line":28,"column":3}},"loc":{"start":{"line":29,"column":2},"end":{"line":33,"column":null}}},"2":{"name":"(anonymous_2)","decl":{"start":{"line":40,"column":2},"end":{"line":40,"column":3}},"loc":{"start":{"line":41,"column":2},"end":{"line":54,"column":null}}},"3":{"name":"(anonymous_3)","decl":{"start":{"line":58,"column":21},"end":{"line":58,"column":22}},"loc":{"start":{"line":62,"column":2},"end":{"line":65,"column":null}}},"4":{"name":"(anonymous_4)","decl":{"start":{"line":69,"column":21},"end":{"line":69,"column":22}},"loc":{"start":{"line":73,"column":2},"end":{"line":76,"column":null}}},"5":{"name":"(anonymous_5)","decl":{"start":{"line":83,"column":2},"end":{"line":83,"column":3}},"loc":{"start":{"line":84,"column":2},"end":{"line":91,"column":null}}},"6":{"name":"(anonymous_6)","decl":{"start":{"line":98,"column":2},"end":{"line":98,"column":3}},"loc":{"start":{"line":99,"column":2},"end":{"line":103,"column":null}}}},"branchMap":{"0":{"loc":{"start":{"line":9,"column":2},"end":{"line":9,"column":null}},"type":"default-arg","locations":[{"start":{"line":9,"column":26},"end":{"line":9,"column":null}}]}},"s":{"0":0,"1":0,"2":0,"3":0,"4":0,"5":0,"6":0,"7":0,"8":0,"9":0,"10":0,"11":0,"12":0,"13":0,"14":0,"15":0,"16":0,"17":0,"18":0,"19":0,"20":0,"21":0,"22":0,"23":0},"f":{"0":0,"1":0,"2":0,"3":0,"4":0,"5":0,"6":0},"b":{"0":[0]}}
[...]
s/TheStoryNexusDesktopApp/src/features/stories/stores/useStoryStore.ts","statementMap":{"0":{"start":{"line":21,"column":29},"end":{"line":132,"column":null}},"1":{"start":{"line":21,"column":64},"end":{"line":132,"column":2}},"2":{"start":{"line":29,"column":8},"end":{"line":29,"column":null}},"3":{"start":{"line":30,"column":8},"end":{"line":38,"column":null}},"4":{"start":{"line":31,"column":28},"end":{"line":31,"column":null}},"5":{"start":{"line":32,"column":12},"end":{"line":32,"column":null}},"6":{"start":{"line":34,"column":12},"end":{"line":37,"column":null}},"7":{"start":{"line":43,"column":8},"end":{"line":43,"column":null}},"8":{"start":{"line":44,"column":8},"end":{"line":55,"column":null}},"9":{"start":{"line":45,"column":26},"end":{"line":45,"column":null}},"10":{"start":{"line":46,"column":12},"end":{"line":48,"column":null}},"11":{"start":{"line":47,"column":16},"end":{"line":47,"column":null}},"12":{"start":{"line":49,"column":12},"end":{"line":49,"column":null}},"13":{"start":{"line":51,"column":12},"end":{"line":54,"column":null}},"14":{"start":{"line":60,"column":8},"end":{"line":60,"column":null}},"15":{"start":{"line":61,"column":8},"end":{"line":79,"column":null}},"16":{"start":{"line":62,"column":28},"end":{"line":62,"column":null}},"17":{"start":{"line":63,"column":29},"end":{"line":63,"column":null}},"18":{"start":{"line":64,"column":12},"end":{"line":64,"column":null}},"19":{"start":{"line":64,"column":27},"end":{"line":64,"column":null}},"20":{"start":{"line":66,"column":12},"end":{"line":70,"column":null}},"21":{"start":{"line":66,"column":26},"end":{"line":70,"column":14}},"22":{"start":{"line":72,"column":12},"end":{"line":72,"column":null}},"23":{"start":{"line":74,"column":12},"end":{"line":77,"column":null}},"24":{"start":{"line":78,"column":12},"end":{"line":78,"column":null}},"25":{"start":{"line":84,"column":8},"end":{"line":84,"column":null}},"26":{"start":{"line":85,"column":8},"end":{"line":102,"column":null}},"27":{"start":{"line":86,"column":12},"end":{"line":86,"column":null}},"28":{"start":{"line":87,"column":33},"end":{"line":87,"column":null}},"29":{"start":{"line":88,"column":12},"end":{"line":88,"column":null}},"30":{"start":{"line":88,"column":31},"end":{"line":88,"column":null}},"31":{"start":{"line":90,"column":12},"end":{"line":96,"column":null}},"32":{"start":{"line":90,"column":26},"end":{"line":96,"column":14}},"33":{"start":{"line":92,"column":20},"end":{"line":92,"column":null}},"34":{"start":{"line":98,"column":12},"end":{"line":101,"column":null}},"35":{"start":{"line":107,"column":8},"end":{"line":107,"column":null}},"36":{"start":{"line":108,"column":8},"end":{"line":120,"column":null}},"37":{"start":{"line":109,"column":12},"end":{"line":109,"column":null}},"38":{"start":{"line":110,"column":12},"end":{"line":114,"column":null}},"39":{"start":{"line":110,"column":26},"end":{"line":114,"column":14}},"40":{"start":{"line":111,"column":55},"end":{"line":111,"column":70}},"41":{"start":{"line":116,"column":12},"end":{"line":119,"column":null}},"42":{"start":{"line":125,"column":8},"end":{"line":125,"column":null}},"43":{"start":{"line":130,"column":8},"end":{"line":130,"column":null}}},"fnMap":{"0":{"name":"(anonymous_0)","decl":{"start":{"line":21,"column":48},"end":{"line":21,"column":49}},"loc":{"start":{"line":21,"column":64},"end":{"line":132,"column":2}}},"1":{"name":"(anonymous_1)","decl":{"start":{"line":28,"column":18},"end":{"line":28,"column":30}},"loc":{"start":{"line":28,"column":30},"end":{"line":39,"column":null}}},"2":{"name":"(anonymous_2)","decl":{"start":{"line":42,"column":14},"end":{"line":42,"column":21}},"loc":{"start":{"line":42,"column":36},"end":{"line":56,"column":null}}},"3":{"name":"(anonymous_3)","decl":{"start":{"line":59,"column":17},"end":{"line":59,"column":24}},"loc":{"start":{"line":59,"column":38},"end":{"line":80,"column":null}}},"4":{"name":"(anonymous_4)","decl":{"start":{"line":66,"column":16},"end":{"line":66,"column":26}},"loc":{"start":{"line":66,"column":26},"end":{"line":70,"column":14}}},"5":{"name":"(anonymous_5)","decl":{"start":{"line":83,"column":17},"end":{"line":83,"column":24}},"loc":{"start":{"line":83,"column":66},"end":{"line":103,"column":null}}},"6":{"name":"(anonymous_6)","decl":{"start":{"line":90,"column":16},"end":{"line":90,"column":26}},"loc":{"start":{"line":90,"column":26},"end":{"line":96,"column":14}}},"7":{"name":"(anonymous_7)","decl":{"start":{"line":91,"column":43},"end":{"line":91,"column":null}},"loc":{"start":{"line":92,"column":20},"end":{"line":92,"column":null}}},"8":{"name":"(anonymous_8)","decl":{"start":{"line":106,"column":17},"end":{"line":106,"column":24}},"loc":{"start":{"line":106,"column":39},"end":{"line":121,"column":null}}},"9":{"name":"(anonymous_9)","decl":{"start":{"line":110,"column":16},"end":{"line":110,"column":26}},"loc":{"start":{"line":110,"column":26},"end":{"line":114,"column":14}}},"10":{"name":"(anonymous_10)","decl":{"start":{"line":111,"column":46},"end":{"line":111,"column":55}},"loc":{"start":{"line":111,"column":55},"end":{"line":111,"column":70}}},"11":{"name":"(anonymous_11)","decl":{"start":{"line":124,"column":21},"end":{"line":124,"column":22}},"loc":{"start":{"line":124,"column":32},"end":{"line":126,"column":null}}},"12":{"name":"(anonymous_12)","decl":{"start":{"line":129,"column":16},"end":{"line":129,"column":22}},"loc":{"start":{"line":129,"column":22},"end":{"line":131,"column":null}}}},"branchMap":{"0":{"loc":{"start":{"line":35,"column":23},"end":{"line":35,"column":null}},"type":"cond-expr","locations":[{"start":{"line":35,"column":48},"end":{"line":35,"column":64}},{"start":{"line":35,"column":64},"end":{"line":35,"column":null}}]},"1":{"loc":{"start":{"line":46,"column":12},"end":{"line":48,"column":null}},"type":"if","locations":[{"start":{"line":46,"column":12},"end":{"line":48,"column":null}},{"start":{},"end":{}}]},"2":{"loc":{"start":{"line":52,"column":23},"end":{"line":52,"column":null}},"type":"cond-expr","locations":[{"start":{"line":52,"column":48},"end":{"line":52,"column":64}},{"start":{"line":52,"column":64},"end":{"line":52,"column":null}}]},"3":{"loc":{"start":{"line":64,"column":12},"end":{"line":64,"column":null}},"type":"if","locations":[{"start":{"line":64,"column":12},"end":{"line":64,"column":null}},{"start":{},"end":{}}]},"4":{"loc":{"start":{"line":75,"column":23},"end":{"line":75,"column":null}},"type":"cond-expr","locations":[{"start":{"line":75,"column":48},"end":{"line":75,"column":64}},{"start":{"line":75,"column":64},"end":{"line":75,"column":null}}]},"5":{"loc":{"start":{"line":88,"column":12},"end":{"line":88,"column":null}},"type":"if","locations":[{"start":{"line":88,"column":12},"end":{"line":88,"column":null}},{"start":{},"end":{}}]},"6":{"loc":{"start":{"line":92,"column":20},"end":{"line":92,"column":null}},"type":"cond-expr","locations":[{"start":{"line":92,"column":38},"end":{"line":92,"column":53}},{"start":{"line":92,"column":53},"end":{"line":92,"column":null}}]},"7":{"loc":{"start":{"line":94,"column":30},"end":{"line":94,"column":null}},"type":"cond-expr","locations":[{"start":{"line":94,"column":62},"end":{"line":94,"column":77}},{"start":{"line":94,"column":77},"end":{"line":94,"column":null}}]},"8":{"loc":{"start":{"line":99,"column":23},"end":{"line":99,"column":null}},"type":"cond-expr","locations":[{"start":{"line":99,"column":48},"end":{"line":99,"column":64}},{"start":{"line":99,"column":64},"end":{"line":99,"column":null}}]},"9":{"loc":{"start":{"line":112,"column":30},"end":{"line":112,"column":null}},"type":"cond-expr","locations":[{"start":{"line":112,"column":62},"end":{"line":112,"column":69}},{"start":{"line":112,"column":69},"end":{"line":112,"column":null}}]},"10":{"loc":{"start":{"line":117,"column":23},"end":{"line":117,"column":null}},"type":"cond-expr","locations":[{"start":{"line":117,"column":48},"end":{"line":117,"column":64}},{"start":{"line":117,"column":64},"end":{"line":117,"column":null}}]}},"s":{"0":0,"1":0,"2":0,"3":0,"4":0,"5":0,"6":0,"7":0,"8":0,"9":0,"10":0,"11":0,"12":0,"13":0,"14":0,"15":0,"16":0,"17":0,"18":0,"19":0,"20":0,"21":0,"22":0,"23":0,"24":0,"25":0,"26":0,"27":0,"28":0,"29":0,"30":0,"31":0,"32":0,"33":0,"34":0,"35":0,"36":0,"37":0,"38":0,"39":0,"40":0,"41":0,"42":0,"43":0},"f":{"0":0,"1":0,"2":0,"3":0,"4":0,"5":0,"6":0,"7":0,"8":0,"9":0,"10":0,"11":0,"12":0},"b":{"0":[0,0],"1":[0,0],"2":[0,0],"3":[0,0],"4":[0,0],"5":[0,0],"6":[0,0],"7":[0,0],"8":[0,0],"9":[0,0],"10":[0,0]}}
,"C:/Users/LOQ/projects/TheStoryNexusDesktopApp/src/hooks/use-mobile.tsx": {"path":"C:/Users/LOQ/projects/TheStoryNexusDesktopApp/src/hooks/use-mobile.tsx","statementMap":{"0":{"start":{"line":3,"column":26},"end":{"line":3,"column":null}},"1":{"start":{"line":6,"column":34},"end":{"line":6,"column":null}},"2":{"start":{"line":8,"column":2},"end":{"line":16,"column":null}},"3":{"start":{"line":9,"column":16},"end":{"line":9,"column":null}},"4":{"start":{"line":10,"column":21},"end":{"line":12,"column":null}},"5":{"start":{"line":11,"column":6},"end":{"line":11,"column":null}},"6":{"start":{"line":13,"column":4},"end":{"line":13,"column":null}},"7":{"start":{"line":14,"column":4},"end":{"line":14,"column":null}},"8":{"start":{"line":15,"column":4},"end":{"line":15,"column":null}},"9":{"start":{"line":15,"column":17},"end":{"line":15,"column":null}},"10":{"start":{"line":18,"column":2},"end":{"line":18,"column":null}}},"fnMap":{"0":{"name":"useIsMobile","decl":{"start":{"line":5,"column":16},"end":{"line":5,"column":30}},"loc":{"start":{"line":5,"column":30},"end":{"line":19,"column":null}}},"1":{"name":"(anonymous_1)","decl":{"start":{"line":8,"column":18},"end":{"line":8,"column":24}},"loc":{"start":{"line":8,"column":24},"end":{"line":16,"column":5}}},"2":{"name":"(anonymous_2)","decl":{"start":{"line":10,"column":21},"end":{"line":10,"column":27}},"loc":{"start":{"line":10,"column":27},"end":{"line":12,"column":null}}},"3":{"name":"(anonymous_3)","decl":{"start":{"line":15,"column":11},"end":{"line":15,"column":17}},"loc":{"start":{"line":15,"column":17},"end":{"line":15,"column":null}}}},"branchMap":{},"s":{"0":0,"1":0,"2":0,"3":0,"4":0,"5":0,"6":0,"7":0,"8":0,"9":0,"10":0},"f":{"0":0,"1":0,"2":0,"3":0},"b":{}}
,"C:/Users/LOQ/projects/TheStoryNexusDesktopApp/src/lib/theme-provider.tsx": {"path":"C:/Users/LOQ/projects/TheStoryNexusDesktopApp/src/lib/theme-provider.tsx","statementMap":{"0":{"start":{"line":16,"column":41},"end":{"line":19,"column":null}},"1":{"start":{"line":18,"column":20},"end":{"line":18,"column":null}},"2":{"start":{"line":21,"column":29},"end":{"line":21,"column":null}},"3":{"start":{"line":29,"column":30},"end":{"line":31,"column":null}},"4":{"start":{"line":30,"column":15},"end":{"line":30,"column":null}},"5":{"start":{"line":33,"column":4},"end":{"line":38,"column":null}},"6":{"start":{"line":34,"column":21},"end":{"line":34,"column":null}},"7":{"start":{"line":35,"column":8},"end":{"line":35,"column":null}},"8":{"start":{"line":36,"column":8},"end":{"line":36,"column":null}},"9":{"start":{"line":37,"column":8},"end":{"line":37,"column":null}},"10":{"start":{"line":40,"column":18},"end":{"line":43,"column":null}},"11":{"start":{"line":42,"column":36},"end":{"line":42,"column":null}},"12":{"start":{"line":45,"column":4},"end":{"line":48,"column":null}},"13":{"start":{"line":52,"column":24},"end":{"line":59,"column":null}},"14":{"start":{"line":53,"column":20},"end":{"line":53,"column":null}},"15":{"start":{"line":55,"column":4},"end":{"line":56,"column":null}},"16":{"start":{"line":56,"column":8},"end":{"line":56,"column":null}},"17":{"start":{"line":58,"column":4},"end":{"line":58,"column":null}}},"fnMap":{"0":{"name":"(anonymous_0)","decl":{"start":{"line":18,"column":14},"end":{"line":18,"column":20}},"loc":{"start":{"line":18,"column":20},"end":{"line":18,"column":null}}},"1":{"name":"ThemeProvider","decl":{"start":{"line":23,"column":16},"end":{"line":23,"column":30}},"loc":{"start":{"line":28,"column":23},"end":{"line":50,"column":null}}},"2":{"name":"(anonymous_2)","decl":{"start":{"line":30,"column":8},"end":{"line":30,"column":15}},"loc":{"start":{"line":30,"column":15},"end":{"line":30,"column":null}}},"3":{"name":"(anonymous_3)","decl":{"start":{"line":33,"column":14},"end":{"line":33,"column":20}},"loc":{"start":{"line":33,"column":20},"end":{"line":38,"column":7}}},"4":{"name":"(anonymous_4)","decl":{"start":{"line":42,"column":18},"end":{"line":42,"column":19}},"loc":{"start":{"line":42,"column":36},"end":{"line":42,"column":null}}},"5":{"name":"(anonymous_5)","decl":{"start":{"line":52,"column":24},"end":{"line":52,"column":30}},"loc":{"start":{"line":52,"column":30},"end":{"line":59,"column":null}}}},"branchMap":{"0":{"loc":{"start":{"line":25,"column":4},"end":{"line":25,"column":null}},"type":"default-arg","locations":[{"start":{"line":25,"column":19},"end":{"line":25,"column":null}}]},"1":{"loc":{"start":{"line":26,"column":4},"end":{"line":26,"column":null}},"type":"default-arg","locations":[{"start":{"line":26,"column":17},"end":{"line":26,"column":null}}]},"2":{"loc":{"start":{"line":30,"column":15},"end":{"line":30,"column":null}},"type":"binary-expr","locations":[{"start":{"line":30,"column":15},"end":{"line":30,"column":61}},{"start":{"line":30,"column":61},"end":{"line":30,"column":null}}]},"3":{"loc":{"start":{"line":55,"column":4},"end":{"line":56,"column":null}},"type":"if","locations":[{"start":{"line":55,"column":4},"end":{"line":56,"column":null}},{"start":{},"end":{}}]}},"s":{"0":1,"1":0,"2":1,"3":0,"4":0,"5":0,"6":0,"7":0,"8":0,"9":0,"10":0,"11":0,"12":0,"13":1,"14":6,"15":6,"16":0,"17":6},"f":{"0":0,"1":0,"2":0,"3":0,"4":0,"5":6},"b":{"0":[0],"1":[0],"2":[0,0],"3":[0,6]}}
,"C:/Users/LOQ/projects/TheStoryNexusDesktopApp/src/lib/utils.ts": {"path":"C:/Users/LOQ/projects/TheStoryNexusDesktopApp/src/lib/utils.ts","statementMap":{"0":{"start":{"line":5,"column":2},"end":{"line":5,"column":null}}},"fnMap":{"0":{"name":"cn","decl":{"start":{"line":4,"column":16},"end":{"line":4,"column":22}},"loc":{"start":{"line":4,"column":44},"end":{"line":6,"column":null}}}},"branchMap":{},"s":{"0":259},"f":{"0":259},"b":{}}
,"C:/Users/LOQ/projects/TheStoryNexusDesktopApp/src/routes/About.tsx": {"path":"C:/Users/LOQ/projects/TheStoryNexusDesktopApp/src/routes/About.tsx","statementMap":{"0":{"start":{"line":2,"column":4},"end":{"line":26,"column":null}}},"fnMap":{"0":{"name":"About","decl":{"start":{"line":1,"column":24},"end":{"line":1,"column":32}},"loc":{"start":{"line":1,"column":32},"end":{"line":28,"column":null}}}},"branchMap":{},"s":{"0":0},"f":{"0":0},"b":{}}
,"C:/Users/LOQ/projects/TheStoryNexusDesktopApp/src/routes/dashboard/AISettings.tsx": {"path":"C:/Users/LOQ/projects/TheStoryNexusDesktopApp/src/routes/dashboard/AISettings.tsx","statementMap":{"0":{"start":{"line":10,"column":4},"end":{"line":98,"column":null}}},"fnMap":{"0":{"name":"AISettings","decl":{"start":{"line":9,"column":24},"end":{"line":9,"column":37}},"loc":{"start":{"line":9,"column":37},"end":{"line":100,"column":null}}}},"branchMap":{},"s":{"0":0},"f":{"0":0},"b":{}}
,"C:/Users/LOQ/projects/TheStoryNexusDesktopApp/src/routes/dashboard/Chats.tsx": {"path":"C:/Users/LOQ/projects/TheStoryNexusDesktopApp/src/routes/dashboard/Chats.tsx","statementMap":{"0":{"start":{"line":6,"column":23},"end":{"line":28,"column":null}},"1":{"start":{"line":30,"column":4},"end":{"line":59,"column":null}},"2":{"start":{"line":41,"column":20},"end":{"line":56,"column":null}}},"fnMap":{"0":{"name":"Chats","decl":{"start":{"line":5,"column":24},"end":{"line":5,"column":32}},"loc":{"start":{"line":5,"column":32},"end":{"line":61,"column":null}}},"1":{"name":"(anonymous_1)","decl":{"start":{"line":40,"column":32},"end":{"line":40,"column":33}},"loc":{"start":{"line":41,"column":20},"end":{"line":56,"column":null}}}},"branchMap":{},"s":{"0":0,"1":0,"2":0},"f":{"0":0,"1":0},"b":{}}
,"C:/Users/LOQ/projects/TheStoryNexusDesktopApp/src/routes/dashboard/DefaultSettings.tsx": {"path":"C:/Users/LOQ/projects/TheStoryNexusDesktopApp/src/routes/dashboard/DefaultSettings.tsx","statementMap":{"0":{"start":{"line":9,"column":4},"end":{"line":81,"column":null}}},"fnMap":{"0":{"name":"DefaultSettings","decl":{"start":{"line":8,"column":24},"end":{"line":8,"column":42}},"loc":{"start":{"line":8,"column":42},"end":{"line":83,"column":null}}}},"branchMap":{},"s":{"0":0},"f":{"0":0},"b":{}}
,"C:/Users/LOQ/projects/TheStoryNexusDesktopApp/src/routes/dashboard/Prompts.tsx": {"path":"C:/Users/LOQ/projects/TheStoryNexusDesktopApp/src/routes/dashboard/Prompts.tsx","statementMap":{"0":{"start":{"line":6,"column":25},"end":{"line":25,"column":null}},"1":{"start":{"line":27,"column":4},"end":{"line":54,"column":null}},"2":{"start":{"line":38,"column":20},"end":{"line":51,"column":null}}},"fnMap":{"0":{"name":"Prompts","decl":{"start":{"line":5,"column":24},"end":{"line":5,"column":34}},"loc":{"start":{"line":5,"column":34},"end":{"line":56,"column":null}}},"1":{"name":"(anonymous_1)","decl":{"start":{"line":37,"column":34},"end":{"line":37,"column":35}},"loc":{"start":{"line":38,"column":20},"end":{"line":51,"column":null}}}},"branchMap":{},"s":{"0":0,"1":0,"2":0},"f":{"0":0,"1":0},"b":{}}
,"C:/Users/LOQ/projects/TheStoryNexusDesktopApp/src/services/database.ts": {"path":"C:/Users/LOQ/projects/TheStoryNexusDesktopApp/src/services/database.ts","statementMap":{"0":{"start":{"line":18,"column":8},"end":{"line":18,"column":null}},"1":{"start":{"line":20,"column":8},"end":{"line":26,"column":null}},"2":{"start":{"line":31,"column":8},"end":{"line":52,"column":null}},"3":{"start":{"line":34,"column":32},"end":{"line":34,"column":null}},"4":{"start":{"line":37,"column":16},"end":{"line":41,"column":null}},"5":{"start":{"line":44,"column":16},"end":{"line":49,"column":null}},"6":{"start":{"line":51,"column":16},"end":{"line":51,"column":null}},"7":{"start":{"line":57,"column":22},"end":{"line":57,"column":null}},"8":{"start":{"line":58,"column":8},"end":{"line":58,"column":null}},"9":{"start":{"line":58,"column":20},"end":{"line":58,"column":null}},"10":{"start":{"line":60,"column":25},"end":{"line":63,"column":null}},"11":{"start":{"line":65,"column":26},"end":{"line":68,"column":null}},"12":{"start":{"line":70,"column":33},"end":{"line":75,"column":null}},"13":{"start":{"line":77,"column":8},"end":{"line":84,"column":null}},"14":{"start":{"line":88,"column":18},"end":{"line":88,"column":null}}},"fnMap":{"0":{"name":"(anonymous_0)","decl":{"start":{"line":17,"column":4},"end":{"line":17,"column":18}},"loc":{"start":{"line":17,"column":18},"end":{"line":27,"column":null}}},"1":{"name":"(anonymous_1)","decl":{"start":{"line":30,"column":4},"end":{"line":30,"column":10}},"loc":{"start":{"line":30,"column":86},"end":{"line":53,"column":null}}},"2":{"name":"(anonymous_2)","decl":{"start":{"line":33,"column":12},"end":{"line":33,"column":24}},"loc":{"start":{"line":33,"column":24},"end":{"line":52,"column":13}}},"3":{"name":"(anonymous_3)","decl":{"start":{"line":56,"column":4},"end":{"line":56,"column":10}},"loc":{"start":{"line":56,"column":40},"end":{"line":85,"column":null}}}},"branchMap":{"0":{"loc":{"start":{"line":58,"column":8},"end":{"line":58,"column":null}},"type":"if","locations":[{"start":{"line":58,"column":8},"end":{"line":58,"column":null}},{"start":{},"end":{}}]},"1":{"loc":{"start":{"line":70,"column":33},"end":{"line":75,"column":null}},"type":"cond-expr","locations":[{"start":{"line":71,"column":14},"end":{"line":74,"column":null}},{"start":{"line":75,"column":14},"end":{"line":75,"column":null}}]},"2":{"loc":{"start":{"line":80,"column":27},"end":{"line":83,"column":null}},"type":"cond-expr","locations":[{"start":{"line":80,"column":39},"end":{"line":83,"column":16}},{"start":{"line":83,"column":16},"end":{"line":83,"column":null}}]}},"s":{"0":0,"1":0,"2":0,"3":0,"4":0,"5":0,"6":0,"7":0,"8":0,"9":0,"10":0,"11":0,"12":0,"13":0,"14":0},"f":{"0":0,"1":0,"2":0,"3":0},"b":{"0":[0,0],"1":[0,0],"2":[0,0]}}
}
